{"C:\\Users\\Administrator\\Documents\\GitHub\\API-BD\\multi-proyecto-api\\src\\app.js": {"path":"C:\\Users\\Administrator\\Documents\\GitHub\\API-BD\\multi-proyecto-api\\src\\app.js","statementMap":{"0":{"start":{"line":21,"column":21},"end":{"line":21,"column":51}},"1":{"start":{"line":22,"column":20},"end":{"line":22,"column":44}},"2":{"start":{"line":24,"column":14},"end":{"line":24,"column":23}},"3":{"start":{"line":27,"column":2},"end":{"line":27,"column":28}},"4":{"start":{"line":30,"column":2},"end":{"line":30,"column":20}},"5":{"start":{"line":33,"column":22},"end":{"line":38,"column":3}},"6":{"start":{"line":39,"column":2},"end":{"line":39,"column":29}},"7":{"start":{"line":42,"column":18},"end":{"line":51,"column":4}},"8":{"start":{"line":54,"column":2},"end":{"line":54,"column":27}},"9":{"start":{"line":57,"column":2},"end":{"line":57,"column":78}},"10":{"start":{"line":60,"column":2},"end":{"line":60,"column":43}},"11":{"start":{"line":61,"column":2},"end":{"line":61,"column":65}},"12":{"start":{"line":64,"column":2},"end":{"line":70,"column":5}},"13":{"start":{"line":65,"column":4},"end":{"line":69,"column":7}},"14":{"start":{"line":73,"column":2},"end":{"line":78,"column":3}},"15":{"start":{"line":74,"column":28},"end":{"line":74,"column":83}},"16":{"start":{"line":75,"column":4},"end":{"line":75,"column":76}},"17":{"start":{"line":77,"column":4},"end":{"line":77,"column":73}},"18":{"start":{"line":81,"column":20},"end":{"line":81,"column":36}},"19":{"start":{"line":84,"column":19},"end":{"line":84,"column":35}},"20":{"start":{"line":87,"column":2},"end":{"line":87,"column":36}},"21":{"start":{"line":88,"column":2},"end":{"line":88,"column":43}},"22":{"start":{"line":89,"column":2},"end":{"line":89,"column":38}},"23":{"start":{"line":92,"column":2},"end":{"line":92,"column":33}},"24":{"start":{"line":95,"column":2},"end":{"line":95,"column":29}},"25":{"start":{"line":98,"column":2},"end":{"line":105,"column":3}},"26":{"start":{"line":99,"column":4},"end":{"line":99,"column":63}},"27":{"start":{"line":102,"column":4},"end":{"line":104,"column":7}},"28":{"start":{"line":103,"column":6},"end":{"line":103,"column":65}},"29":{"start":{"line":108,"column":2},"end":{"line":108,"column":27}},"30":{"start":{"line":111,"column":2},"end":{"line":111,"column":24}},"31":{"start":{"line":113,"column":2},"end":{"line":113,"column":13}}},"fnMap":{"0":{"name":"createApp","decl":{"start":{"line":20,"column":24},"end":{"line":20,"column":33}},"loc":{"start":{"line":20,"column":36},"end":{"line":114,"column":1}},"line":20},"1":{"name":"(anonymous_1)","decl":{"start":{"line":64,"column":21},"end":{"line":64,"column":22}},"loc":{"start":{"line":64,"column":35},"end":{"line":70,"column":3}},"line":64},"2":{"name":"(anonymous_2)","decl":{"start":{"line":102,"column":17},"end":{"line":102,"column":18}},"loc":{"start":{"line":102,"column":31},"end":{"line":104,"column":5}},"line":102}},"branchMap":{"0":{"loc":{"start":{"line":34,"column":12},"end":{"line":34,"column":78}},"type":"cond-expr","locations":[{"start":{"line":34,"column":38},"end":{"line":34,"column":72}},{"start":{"line":34,"column":75},"end":{"line":34,"column":78}}],"line":34},"1":{"loc":{"start":{"line":44,"column":9},"end":{"line":44,"column":84}},"type":"cond-expr","locations":[{"start":{"line":44,"column":38},"end":{"line":44,"column":78}},{"start":{"line":44,"column":81},"end":{"line":44,"column":84}}],"line":44},"2":{"loc":{"start":{"line":57,"column":17},"end":{"line":57,"column":75}},"type":"cond-expr","locations":[{"start":{"line":57,"column":57},"end":{"line":57,"column":67}},{"start":{"line":57,"column":70},"end":{"line":57,"column":75}}],"line":57},"3":{"loc":{"start":{"line":68,"column":11},"end":{"line":68,"column":48}},"type":"binary-expr","locations":[{"start":{"line":68,"column":11},"end":{"line":68,"column":31}},{"start":{"line":68,"column":35},"end":{"line":68,"column":48}}],"line":68},"4":{"loc":{"start":{"line":98,"column":2},"end":{"line":105,"column":3}},"type":"if","locations":[{"start":{"line":98,"column":2},"end":{"line":105,"column":3}},{"start":{},"end":{}}],"line":98}},"s":{"0":1,"1":1,"2":1,"3":1,"4":1,"5":1,"6":1,"7":1,"8":1,"9":1,"10":1,"11":1,"12":1,"13":1,"14":1,"15":1,"16":1,"17":0,"18":1,"19":1,"20":1,"21":1,"22":1,"23":1,"24":1,"25":1,"26":0,"27":0,"28":0,"29":1,"30":1,"31":1},"f":{"0":1,"1":1,"2":0},"b":{"0":[0,1],"1":[0,1],"2":[0,1],"3":[1,0],"4":[0,1]},"inputSourceMap":null,"_coverageSchema":"1a1c01bbd47fc00a2c39e90264f33305004495a9","hash":"e2d71303ef8fa8854351aa0d257f535738ec0ae7"}
,"C:\\Users\\Administrator\\Documents\\GitHub\\API-BD\\multi-proyecto-api\\src\\config\\database.js": {"path":"C:\\Users\\Administrator\\Documents\\GitHub\\API-BD\\multi-proyecto-api\\src\\config\\database.js","statementMap":{"0":{"start":{"line":5,"column":0},"end":{"line":5,"column":16}},"1":{"start":{"line":7,"column":20},"end":{"line":7,"column":57}},"2":{"start":{"line":10,"column":15},"end":{"line":57,"column":1}},"3":{"start":{"line":59,"column":17},"end":{"line":59,"column":36}},"4":{"start":{"line":62,"column":28},"end":{"line":62,"column":42}},"5":{"start":{"line":65,"column":23},"end":{"line":65,"column":93}},"6":{"start":{"line":66,"column":0},"end":{"line":80,"column":1}},"7":{"start":{"line":67,"column":2},"end":{"line":79,"column":7}},"8":{"start":{"line":69,"column":6},"end":{"line":69,"column":52}},"9":{"start":{"line":72,"column":6},"end":{"line":72,"column":56}},"10":{"start":{"line":75,"column":6},"end":{"line":77,"column":7}},"11":{"start":{"line":76,"column":8},"end":{"line":76,"column":24}},"12":{"start":{"line":78,"column":6},"end":{"line":78,"column":16}}},"fnMap":{"0":{"name":"(anonymous_0)","decl":{"start":{"line":68,"column":10},"end":{"line":68,"column":11}},"loc":{"start":{"line":68,"column":16},"end":{"line":70,"column":5}},"line":68},"1":{"name":"(anonymous_1)","decl":{"start":{"line":71,"column":11},"end":{"line":71,"column":12}},"loc":{"start":{"line":71,"column":20},"end":{"line":79,"column":5}},"line":71}},"branchMap":{"0":{"loc":{"start":{"line":7,"column":20},"end":{"line":7,"column":57}},"type":"binary-expr","locations":[{"start":{"line":7,"column":20},"end":{"line":7,"column":40}},{"start":{"line":7,"column":44},"end":{"line":7,"column":57}}],"line":7},"1":{"loc":{"start":{"line":13,"column":16},"end":{"line":19,"column":5}},"type":"binary-expr","locations":[{"start":{"line":13,"column":16},"end":{"line":13,"column":40}},{"start":{"line":13,"column":44},"end":{"line":19,"column":5}}],"line":13},"2":{"loc":{"start":{"line":14,"column":12},"end":{"line":14,"column":46}},"type":"binary-expr","locations":[{"start":{"line":14,"column":12},"end":{"line":14,"column":31}},{"start":{"line":14,"column":35},"end":{"line":14,"column":46}}],"line":14},"3":{"loc":{"start":{"line":15,"column":12},"end":{"line":15,"column":39}},"type":"binary-expr","locations":[{"start":{"line":15,"column":12},"end":{"line":15,"column":31}},{"start":{"line":15,"column":35},"end":{"line":15,"column":39}}],"line":15},"4":{"loc":{"start":{"line":16,"column":16},"end":{"line":16,"column":54}},"type":"binary-expr","locations":[{"start":{"line":16,"column":16},"end":{"line":16,"column":35}},{"start":{"line":16,"column":39},"end":{"line":16,"column":54}}],"line":16},"5":{"loc":{"start":{"line":17,"column":12},"end":{"line":17,"column":45}},"type":"binary-expr","locations":[{"start":{"line":17,"column":12},"end":{"line":17,"column":31}},{"start":{"line":17,"column":35},"end":{"line":17,"column":45}}],"line":17},"6":{"loc":{"start":{"line":18,"column":16},"end":{"line":18,"column":53}},"type":"binary-expr","locations":[{"start":{"line":18,"column":16},"end":{"line":18,"column":39}},{"start":{"line":18,"column":43},"end":{"line":18,"column":53}}],"line":18},"7":{"loc":{"start":{"line":35,"column":16},"end":{"line":41,"column":5}},"type":"binary-expr","locations":[{"start":{"line":35,"column":16},"end":{"line":35,"column":45}},{"start":{"line":35,"column":49},"end":{"line":41,"column":5}}],"line":35},"8":{"loc":{"start":{"line":36,"column":12},"end":{"line":36,"column":51}},"type":"binary-expr","locations":[{"start":{"line":36,"column":12},"end":{"line":36,"column":36}},{"start":{"line":36,"column":40},"end":{"line":36,"column":51}}],"line":36},"9":{"loc":{"start":{"line":37,"column":12},"end":{"line":37,"column":44}},"type":"binary-expr","locations":[{"start":{"line":37,"column":12},"end":{"line":37,"column":36}},{"start":{"line":37,"column":40},"end":{"line":37,"column":44}}],"line":37},"10":{"loc":{"start":{"line":38,"column":16},"end":{"line":38,"column":64}},"type":"binary-expr","locations":[{"start":{"line":38,"column":16},"end":{"line":38,"column":40}},{"start":{"line":38,"column":44},"end":{"line":38,"column":64}}],"line":38},"11":{"loc":{"start":{"line":39,"column":12},"end":{"line":39,"column":50}},"type":"binary-expr","locations":[{"start":{"line":39,"column":12},"end":{"line":39,"column":36}},{"start":{"line":39,"column":40},"end":{"line":39,"column":50}}],"line":39},"12":{"loc":{"start":{"line":40,"column":16},"end":{"line":40,"column":58}},"type":"binary-expr","locations":[{"start":{"line":40,"column":16},"end":{"line":40,"column":44}},{"start":{"line":40,"column":48},"end":{"line":40,"column":58}}],"line":40},"13":{"loc":{"start":{"line":65,"column":23},"end":{"line":65,"column":93}},"type":"binary-expr","locations":[{"start":{"line":65,"column":23},"end":{"line":65,"column":54}},{"start":{"line":65,"column":58},"end":{"line":65,"column":93}}],"line":65},"14":{"loc":{"start":{"line":66,"column":0},"end":{"line":80,"column":1}},"type":"if","locations":[{"start":{"line":66,"column":0},"end":{"line":80,"column":1}},{"start":{},"end":{}}],"line":66},"15":{"loc":{"start":{"line":75,"column":6},"end":{"line":77,"column":7}},"type":"if","locations":[{"start":{"line":75,"column":6},"end":{"line":77,"column":7}},{"start":{},"end":{}}],"line":75}},"s":{"0":1,"1":1,"2":1,"3":1,"4":1,"5":1,"6":1,"7":0,"8":0,"9":0,"10":0,"11":0,"12":0},"f":{"0":0,"1":0},"b":{"0":[1,0],"1":[1,1],"2":[1,0],"3":[1,0],"4":[1,0],"5":[1,0],"6":[1,0],"7":[1,1],"8":[1,1],"9":[1,1],"10":[1,1],"11":[1,1],"12":[1,1],"13":[1,0],"14":[0,1],"15":[0,0]},"inputSourceMap":null,"_coverageSchema":"1a1c01bbd47fc00a2c39e90264f33305004495a9","hash":"f58326a465bb55995dffd730ba3a315d5fddde91"}
,"C:\\Users\\Administrator\\Documents\\GitHub\\API-BD\\multi-proyecto-api\\src\\middleware\\auth.js": {"path":"C:\\Users\\Administrator\\Documents\\GitHub\\API-BD\\multi-proyecto-api\\src\\middleware\\auth.js","statementMap":{"0":{"start":{"line":7,"column":28},"end":{"line":48,"column":1}},"1":{"start":{"line":8,"column":2},"end":{"line":47,"column":3}},"2":{"start":{"line":10,"column":23},"end":{"line":10,"column":48}},"3":{"start":{"line":11,"column":4},"end":{"line":16,"column":5}},"4":{"start":{"line":12,"column":6},"end":{"line":15,"column":9}},"5":{"start":{"line":18,"column":18},"end":{"line":18,"column":42}},"6":{"start":{"line":19,"column":4},"end":{"line":24,"column":5}},"7":{"start":{"line":20,"column":6},"end":{"line":23,"column":9}},"8":{"start":{"line":27,"column":20},"end":{"line":27,"column":61}},"9":{"start":{"line":30,"column":17},"end":{"line":30,"column":56}},"10":{"start":{"line":31,"column":4},"end":{"line":36,"column":5}},"11":{"start":{"line":32,"column":6},"end":{"line":35,"column":9}},"12":{"start":{"line":39,"column":4},"end":{"line":39,"column":20}},"13":{"start":{"line":40,"column":4},"end":{"line":40,"column":11}},"14":{"start":{"line":42,"column":4},"end":{"line":42,"column":50}},"15":{"start":{"line":43,"column":4},"end":{"line":46,"column":7}},"16":{"start":{"line":54,"column":32},"end":{"line":106,"column":1}},"17":{"start":{"line":55,"column":2},"end":{"line":105,"column":4}},"18":{"start":{"line":56,"column":4},"end":{"line":104,"column":5}},"19":{"start":{"line":57,"column":28},"end":{"line":57,"column":38}},"20":{"start":{"line":58,"column":21},"end":{"line":58,"column":32}},"21":{"start":{"line":60,"column":6},"end":{"line":65,"column":7}},"22":{"start":{"line":61,"column":8},"end":{"line":64,"column":11}},"23":{"start":{"line":68,"column":26},"end":{"line":71,"column":16}},"24":{"start":{"line":74,"column":6},"end":{"line":79,"column":7}},"25":{"start":{"line":75,"column":8},"end":{"line":78,"column":11}},"26":{"start":{"line":82,"column":28},"end":{"line":86,"column":7}},"27":{"start":{"line":88,"column":6},"end":{"line":93,"column":7}},"28":{"start":{"line":89,"column":8},"end":{"line":92,"column":11}},"29":{"start":{"line":96,"column":6},"end":{"line":96,"column":41}},"30":{"start":{"line":97,"column":6},"end":{"line":97,"column":13}},"31":{"start":{"line":99,"column":6},"end":{"line":99,"column":51}},"32":{"start":{"line":100,"column":6},"end":{"line":103,"column":9}},"33":{"start":{"line":111,"column":34},"end":{"line":147,"column":1}},"34":{"start":{"line":112,"column":2},"end":{"line":146,"column":3}},"35":{"start":{"line":113,"column":19},"end":{"line":113,"column":43}},"36":{"start":{"line":114,"column":4},"end":{"line":119,"column":5}},"37":{"start":{"line":115,"column":6},"end":{"line":118,"column":9}},"38":{"start":{"line":123,"column":32},"end":{"line":123,"column":52}},"39":{"start":{"line":124,"column":16},"end":{"line":128,"column":14}},"40":{"start":{"line":130,"column":4},"end":{"line":135,"column":5}},"41":{"start":{"line":131,"column":6},"end":{"line":134,"column":9}},"42":{"start":{"line":138,"column":4},"end":{"line":138,"column":21}},"43":{"start":{"line":139,"column":4},"end":{"line":139,"column":11}},"44":{"start":{"line":141,"column":4},"end":{"line":141,"column":58}},"45":{"start":{"line":142,"column":4},"end":{"line":145,"column":7}},"46":{"start":{"line":152,"column":30},"end":{"line":185,"column":1}},"47":{"start":{"line":153,"column":2},"end":{"line":184,"column":3}},"48":{"start":{"line":154,"column":22},"end":{"line":154,"column":72}},"49":{"start":{"line":156,"column":4},"end":{"line":158,"column":5}},"50":{"start":{"line":157,"column":6},"end":{"line":157,"column":20}},"51":{"start":{"line":161,"column":20},"end":{"line":166,"column":8}},"52":{"start":{"line":165,"column":8},"end":{"line":165,"column":46}},"53":{"start":{"line":168,"column":4},"end":{"line":173,"column":5}},"54":{"start":{"line":169,"column":6},"end":{"line":172,"column":9}},"55":{"start":{"line":176,"column":4},"end":{"line":176,"column":26}},"56":{"start":{"line":177,"column":4},"end":{"line":177,"column":11}},"57":{"start":{"line":179,"column":4},"end":{"line":179,"column":51}},"58":{"start":{"line":180,"column":4},"end":{"line":183,"column":7}}},"fnMap":{"0":{"name":"(anonymous_0)","decl":{"start":{"line":7,"column":28},"end":{"line":7,"column":29}},"loc":{"start":{"line":7,"column":54},"end":{"line":48,"column":1}},"line":7},"1":{"name":"(anonymous_1)","decl":{"start":{"line":54,"column":32},"end":{"line":54,"column":33}},"loc":{"start":{"line":54,"column":59},"end":{"line":106,"column":1}},"line":54},"2":{"name":"(anonymous_2)","decl":{"start":{"line":55,"column":9},"end":{"line":55,"column":10}},"loc":{"start":{"line":55,"column":35},"end":{"line":105,"column":3}},"line":55},"3":{"name":"(anonymous_3)","decl":{"start":{"line":111,"column":34},"end":{"line":111,"column":35}},"loc":{"start":{"line":111,"column":60},"end":{"line":147,"column":1}},"line":111},"4":{"name":"(anonymous_4)","decl":{"start":{"line":152,"column":30},"end":{"line":152,"column":31}},"loc":{"start":{"line":152,"column":56},"end":{"line":185,"column":1}},"line":152},"5":{"name":"(anonymous_5)","decl":{"start":{"line":164,"column":30},"end":{"line":164,"column":31}},"loc":{"start":{"line":164,"column":41},"end":{"line":166,"column":7}},"line":164}},"branchMap":{"0":{"loc":{"start":{"line":11,"column":4},"end":{"line":16,"column":5}},"type":"if","locations":[{"start":{"line":11,"column":4},"end":{"line":16,"column":5}},{"start":{},"end":{}}],"line":11},"1":{"loc":{"start":{"line":11,"column":8},"end":{"line":11,"column":56}},"type":"binary-expr","locations":[{"start":{"line":11,"column":8},"end":{"line":11,"column":19}},{"start":{"line":11,"column":23},"end":{"line":11,"column":56}}],"line":11},"2":{"loc":{"start":{"line":19,"column":4},"end":{"line":24,"column":5}},"type":"if","locations":[{"start":{"line":19,"column":4},"end":{"line":24,"column":5}},{"start":{},"end":{}}],"line":19},"3":{"loc":{"start":{"line":31,"column":4},"end":{"line":36,"column":5}},"type":"if","locations":[{"start":{"line":31,"column":4},"end":{"line":36,"column":5}},{"start":{},"end":{}}],"line":31},"4":{"loc":{"start":{"line":31,"column":8},"end":{"line":31,"column":32}},"type":"binary-expr","locations":[{"start":{"line":31,"column":8},"end":{"line":31,"column":13}},{"start":{"line":31,"column":17},"end":{"line":31,"column":32}}],"line":31},"5":{"loc":{"start":{"line":54,"column":33},"end":{"line":54,"column":54}},"type":"default-arg","locations":[{"start":{"line":54,"column":48},"end":{"line":54,"column":54}}],"line":54},"6":{"loc":{"start":{"line":60,"column":6},"end":{"line":65,"column":7}},"type":"if","locations":[{"start":{"line":60,"column":6},"end":{"line":65,"column":7}},{"start":{},"end":{}}],"line":60},"7":{"loc":{"start":{"line":74,"column":6},"end":{"line":79,"column":7}},"type":"if","locations":[{"start":{"line":74,"column":6},"end":{"line":79,"column":7}},{"start":{},"end":{}}],"line":74},"8":{"loc":{"start":{"line":88,"column":6},"end":{"line":93,"column":7}},"type":"if","locations":[{"start":{"line":88,"column":6},"end":{"line":93,"column":7}},{"start":{},"end":{}}],"line":88},"9":{"loc":{"start":{"line":114,"column":4},"end":{"line":119,"column":5}},"type":"if","locations":[{"start":{"line":114,"column":4},"end":{"line":119,"column":5}},{"start":{},"end":{}}],"line":114},"10":{"loc":{"start":{"line":130,"column":4},"end":{"line":135,"column":5}},"type":"if","locations":[{"start":{"line":130,"column":4},"end":{"line":135,"column":5}},{"start":{},"end":{}}],"line":130},"11":{"loc":{"start":{"line":154,"column":22},"end":{"line":154,"column":72}},"type":"binary-expr","locations":[{"start":{"line":154,"column":22},"end":{"line":154,"column":49}},{"start":{"line":154,"column":53},"end":{"line":154,"column":72}}],"line":154},"12":{"loc":{"start":{"line":156,"column":4},"end":{"line":158,"column":5}},"type":"if","locations":[{"start":{"line":156,"column":4},"end":{"line":158,"column":5}},{"start":{},"end":{}}],"line":156},"13":{"loc":{"start":{"line":168,"column":4},"end":{"line":173,"column":5}},"type":"if","locations":[{"start":{"line":168,"column":4},"end":{"line":173,"column":5}},{"start":{},"end":{}}],"line":168}},"s":{"0":1,"1":0,"2":0,"3":0,"4":0,"5":0,"6":0,"7":0,"8":0,"9":0,"10":0,"11":0,"12":0,"13":0,"14":0,"15":0,"16":1,"17":10,"18":0,"19":0,"20":0,"21":0,"22":0,"23":0,"24":0,"25":0,"26":0,"27":0,"28":0,"29":0,"30":0,"31":0,"32":0,"33":1,"34":0,"35":0,"36":0,"37":0,"38":0,"39":0,"40":0,"41":0,"42":0,"43":0,"44":0,"45":0,"46":1,"47":0,"48":0,"49":0,"50":0,"51":0,"52":0,"53":0,"54":0,"55":0,"56":0,"57":0,"58":0},"f":{"0":0,"1":10,"2":0,"3":0,"4":0,"5":0},"b":{"0":[0,0],"1":[0,0],"2":[0,0],"3":[0,0],"4":[0,0],"5":[0],"6":[0,0],"7":[0,0],"8":[0,0],"9":[0,0],"10":[0,0],"11":[0,0],"12":[0,0],"13":[0,0]},"inputSourceMap":null,"_coverageSchema":"1a1c01bbd47fc00a2c39e90264f33305004495a9","hash":"9d15ce2c21f59ef70e2e56cfd446e200727abc6e"}
,"C:\\Users\\Administrator\\Documents\\GitHub\\API-BD\\multi-proyecto-api\\src\\middleware\\error.js": {"path":"C:\\Users\\Administrator\\Documents\\GitHub\\API-BD\\multi-proyecto-api\\src\\middleware\\error.js","statementMap":{"0":{"start":{"line":6,"column":4},"end":{"line":6,"column":19}},"1":{"start":{"line":7,"column":4},"end":{"line":7,"column":33}},"2":{"start":{"line":8,"column":4},"end":{"line":8,"column":39}},"3":{"start":{"line":9,"column":4},"end":{"line":9,"column":46}},"4":{"start":{"line":11,"column":4},"end":{"line":15,"column":5}},"5":{"start":{"line":12,"column":6},"end":{"line":12,"column":25}},"6":{"start":{"line":14,"column":6},"end":{"line":14,"column":54}},"7":{"start":{"line":22,"column":31},"end":{"line":26,"column":1}},"8":{"start":{"line":23,"column":16},"end":{"line":23,"column":59}},"9":{"start":{"line":24,"column":2},"end":{"line":24,"column":18}},"10":{"start":{"line":25,"column":2},"end":{"line":25,"column":14}},"11":{"start":{"line":31,"column":28},"end":{"line":143,"column":1}},"12":{"start":{"line":33,"column":19},"end":{"line":33,"column":64}},"13":{"start":{"line":34,"column":16},"end":{"line":34,"column":27}},"14":{"start":{"line":35,"column":15},"end":{"line":35,"column":17}},"15":{"start":{"line":36,"column":14},"end":{"line":36,"column":16}},"16":{"start":{"line":39,"column":2},"end":{"line":105,"column":3}},"17":{"start":{"line":41,"column":4},"end":{"line":41,"column":21}},"18":{"start":{"line":42,"column":4},"end":{"line":42,"column":34}},"19":{"start":{"line":43,"column":4},"end":{"line":47,"column":8}},"20":{"start":{"line":43,"column":49},"end":{"line":47,"column":5}},"21":{"start":{"line":48,"column":9},"end":{"line":105,"column":3}},"22":{"start":{"line":50,"column":4},"end":{"line":50,"column":21}},"23":{"start":{"line":51,"column":4},"end":{"line":51,"column":34}},"24":{"start":{"line":52,"column":4},"end":{"line":56,"column":7}},"25":{"start":{"line":57,"column":9},"end":{"line":105,"column":3}},"26":{"start":{"line":59,"column":4},"end":{"line":59,"column":21}},"27":{"start":{"line":60,"column":4},"end":{"line":60,"column":30}},"28":{"start":{"line":61,"column":9},"end":{"line":105,"column":3}},"29":{"start":{"line":63,"column":4},"end":{"line":63,"column":21}},"30":{"start":{"line":64,"column":4},"end":{"line":64,"column":30}},"31":{"start":{"line":65,"column":9},"end":{"line":105,"column":3}},"32":{"start":{"line":67,"column":4},"end":{"line":67,"column":21}},"33":{"start":{"line":68,"column":4},"end":{"line":68,"column":36}},"34":{"start":{"line":69,"column":18},"end":{"line":69,"column":63}},"35":{"start":{"line":70,"column":18},"end":{"line":70,"column":46}},"36":{"start":{"line":71,"column":4},"end":{"line":75,"column":7}},"37":{"start":{"line":76,"column":9},"end":{"line":105,"column":3}},"38":{"start":{"line":78,"column":4},"end":{"line":78,"column":21}},"39":{"start":{"line":79,"column":4},"end":{"line":79,"column":32}},"40":{"start":{"line":80,"column":4},"end":{"line":84,"column":7}},"41":{"start":{"line":85,"column":9},"end":{"line":105,"column":3}},"42":{"start":{"line":87,"column":4},"end":{"line":87,"column":21}},"43":{"start":{"line":88,"column":4},"end":{"line":88,"column":37}},"44":{"start":{"line":89,"column":9},"end":{"line":105,"column":3}},"45":{"start":{"line":91,"column":4},"end":{"line":91,"column":21}},"46":{"start":{"line":92,"column":4},"end":{"line":92,"column":41}},"47":{"start":{"line":93,"column":4},"end":{"line":96,"column":7}},"48":{"start":{"line":97,"column":9},"end":{"line":105,"column":3}},"49":{"start":{"line":99,"column":4},"end":{"line":99,"column":21}},"50":{"start":{"line":100,"column":4},"end":{"line":100,"column":40}},"51":{"start":{"line":101,"column":4},"end":{"line":104,"column":7}},"52":{"start":{"line":108,"column":2},"end":{"line":115,"column":3}},"53":{"start":{"line":109,"column":4},"end":{"line":114,"column":6}},"54":{"start":{"line":118,"column":2},"end":{"line":132,"column":3}},"55":{"start":{"line":119,"column":4},"end":{"line":131,"column":7}},"56":{"start":{"line":135,"column":2},"end":{"line":142,"column":5}},"57":{"start":{"line":150,"column":28},"end":{"line":152,"column":1}},"58":{"start":{"line":150,"column":36},"end":{"line":152,"column":1}},"59":{"start":{"line":151,"column":2},"end":{"line":151,"column":50}},"60":{"start":{"line":157,"column":24},"end":{"line":161,"column":1}},"61":{"start":{"line":158,"column":16},"end":{"line":158,"column":59}},"62":{"start":{"line":159,"column":2},"end":{"line":159,"column":18}},"63":{"start":{"line":160,"column":2},"end":{"line":160,"column":14}}},"fnMap":{"0":{"name":"(anonymous_0)","decl":{"start":{"line":5,"column":2},"end":{"line":5,"column":3}},"loc":{"start":{"line":5,"column":69},"end":{"line":16,"column":3}},"line":5},"1":{"name":"(anonymous_1)","decl":{"start":{"line":22,"column":31},"end":{"line":22,"column":32}},"loc":{"start":{"line":22,"column":51},"end":{"line":26,"column":1}},"line":22},"2":{"name":"(anonymous_2)","decl":{"start":{"line":31,"column":28},"end":{"line":31,"column":29}},"loc":{"start":{"line":31,"column":53},"end":{"line":143,"column":1}},"line":31},"3":{"name":"(anonymous_3)","decl":{"start":{"line":43,"column":43},"end":{"line":43,"column":44}},"loc":{"start":{"line":43,"column":49},"end":{"line":47,"column":5}},"line":43},"4":{"name":"(anonymous_4)","decl":{"start":{"line":150,"column":28},"end":{"line":150,"column":29}},"loc":{"start":{"line":150,"column":36},"end":{"line":152,"column":1}},"line":150},"5":{"name":"(anonymous_5)","decl":{"start":{"line":150,"column":36},"end":{"line":150,"column":37}},"loc":{"start":{"line":150,"column":56},"end":{"line":152,"column":1}},"line":150},"6":{"name":"(anonymous_6)","decl":{"start":{"line":157,"column":24},"end":{"line":157,"column":25}},"loc":{"start":{"line":157,"column":44},"end":{"line":161,"column":1}},"line":157}},"branchMap":{"0":{"loc":{"start":{"line":5,"column":35},"end":{"line":5,"column":55}},"type":"default-arg","locations":[{"start":{"line":5,"column":51},"end":{"line":5,"column":55}}],"line":5},"1":{"loc":{"start":{"line":5,"column":57},"end":{"line":5,"column":67}},"type":"default-arg","locations":[{"start":{"line":5,"column":65},"end":{"line":5,"column":67}}],"line":5},"2":{"loc":{"start":{"line":11,"column":4},"end":{"line":15,"column":5}},"type":"if","locations":[{"start":{"line":11,"column":4},"end":{"line":15,"column":5}},{"start":{"line":13,"column":11},"end":{"line":15,"column":5}}],"line":11},"3":{"loc":{"start":{"line":33,"column":19},"end":{"line":33,"column":64}},"type":"cond-expr","locations":[{"start":{"line":33,"column":44},"end":{"line":33,"column":47}},{"start":{"line":33,"column":50},"end":{"line":33,"column":64}}],"line":33},"4":{"loc":{"start":{"line":39,"column":2},"end":{"line":105,"column":3}},"type":"if","locations":[{"start":{"line":39,"column":2},"end":{"line":105,"column":3}},{"start":{"line":48,"column":9},"end":{"line":105,"column":3}}],"line":39},"5":{"loc":{"start":{"line":48,"column":9},"end":{"line":105,"column":3}},"type":"if","locations":[{"start":{"line":48,"column":9},"end":{"line":105,"column":3}},{"start":{"line":57,"column":9},"end":{"line":105,"column":3}}],"line":48},"6":{"loc":{"start":{"line":57,"column":9},"end":{"line":105,"column":3}},"type":"if","locations":[{"start":{"line":57,"column":9},"end":{"line":105,"column":3}},{"start":{"line":61,"column":9},"end":{"line":105,"column":3}}],"line":57},"7":{"loc":{"start":{"line":61,"column":9},"end":{"line":105,"column":3}},"type":"if","locations":[{"start":{"line":61,"column":9},"end":{"line":105,"column":3}},{"start":{"line":65,"column":9},"end":{"line":105,"column":3}}],"line":61},"8":{"loc":{"start":{"line":65,"column":9},"end":{"line":105,"column":3}},"type":"if","locations":[{"start":{"line":65,"column":9},"end":{"line":105,"column":3}},{"start":{"line":76,"column":9},"end":{"line":105,"column":3}}],"line":65},"9":{"loc":{"start":{"line":70,"column":18},"end":{"line":70,"column":46}},"type":"cond-expr","locations":[{"start":{"line":70,"column":26},"end":{"line":70,"column":34}},{"start":{"line":70,"column":37},"end":{"line":70,"column":46}}],"line":70},"10":{"loc":{"start":{"line":76,"column":9},"end":{"line":105,"column":3}},"type":"if","locations":[{"start":{"line":76,"column":9},"end":{"line":105,"column":3}},{"start":{"line":85,"column":9},"end":{"line":105,"column":3}}],"line":76},"11":{"loc":{"start":{"line":85,"column":9},"end":{"line":105,"column":3}},"type":"if","locations":[{"start":{"line":85,"column":9},"end":{"line":105,"column":3}},{"start":{"line":89,"column":9},"end":{"line":105,"column":3}}],"line":85},"12":{"loc":{"start":{"line":89,"column":9},"end":{"line":105,"column":3}},"type":"if","locations":[{"start":{"line":89,"column":9},"end":{"line":105,"column":3}},{"start":{"line":97,"column":9},"end":{"line":105,"column":3}}],"line":89},"13":{"loc":{"start":{"line":97,"column":9},"end":{"line":105,"column":3}},"type":"if","locations":[{"start":{"line":97,"column":9},"end":{"line":105,"column":3}},{"start":{},"end":{}}],"line":97},"14":{"loc":{"start":{"line":108,"column":2},"end":{"line":115,"column":3}},"type":"if","locations":[{"start":{"line":108,"column":2},"end":{"line":115,"column":3}},{"start":{},"end":{}}],"line":108},"15":{"loc":{"start":{"line":113,"column":10},"end":{"line":113,"column":46}},"type":"binary-expr","locations":[{"start":{"line":113,"column":10},"end":{"line":113,"column":20}},{"start":{"line":113,"column":24},"end":{"line":113,"column":46}}],"line":113},"16":{"loc":{"start":{"line":118,"column":2},"end":{"line":132,"column":3}},"type":"if","locations":[{"start":{"line":118,"column":2},"end":{"line":132,"column":3}},{"start":{},"end":{}}],"line":118},"17":{"loc":{"start":{"line":118,"column":6},"end":{"line":118,"column":65}},"type":"binary-expr","locations":[{"start":{"line":118,"column":6},"end":{"line":118,"column":43}},{"start":{"line":118,"column":47},"end":{"line":118,"column":65}}],"line":118},"18":{"loc":{"start":{"line":129,"column":14},"end":{"line":129,"column":74}},"type":"cond-expr","locations":[{"start":{"line":129,"column":25},"end":{"line":129,"column":67}},{"start":{"line":129,"column":70},"end":{"line":129,"column":74}}],"line":129},"19":{"loc":{"start":{"line":138,"column":8},"end":{"line":138,"column":39}},"type":"binary-expr","locations":[{"start":{"line":138,"column":8},"end":{"line":138,"column":25}},{"start":{"line":138,"column":29},"end":{"line":138,"column":39}}],"line":138},"20":{"loc":{"start":{"line":139,"column":8},"end":{"line":139,"column":59}},"type":"binary-expr","locations":[{"start":{"line":139,"column":8},"end":{"line":139,"column":46}},{"start":{"line":139,"column":50},"end":{"line":139,"column":59}}],"line":139}},"s":{"0":0,"1":0,"2":0,"3":0,"4":0,"5":0,"6":0,"7":1,"8":0,"9":0,"10":0,"11":1,"12":0,"13":0,"14":0,"15":0,"16":0,"17":0,"18":0,"19":0,"20":0,"21":0,"22":0,"23":0,"24":0,"25":0,"26":0,"27":0,"28":0,"29":0,"30":0,"31":0,"32":0,"33":0,"34":0,"35":0,"36":0,"37":0,"38":0,"39":0,"40":0,"41":0,"42":0,"43":0,"44":0,"45":0,"46":0,"47":0,"48":0,"49":0,"50":0,"51":0,"52":0,"53":0,"54":0,"55":0,"56":0,"57":1,"58":0,"59":0,"60":1,"61":0,"62":0,"63":0},"f":{"0":0,"1":0,"2":0,"3":0,"4":0,"5":0,"6":0},"b":{"0":[0],"1":[0],"2":[0,0],"3":[0,0],"4":[0,0],"5":[0,0],"6":[0,0],"7":[0,0],"8":[0,0],"9":[0,0],"10":[0,0],"11":[0,0],"12":[0,0],"13":[0,0],"14":[0,0],"15":[0,0],"16":[0,0],"17":[0,0],"18":[0,0],"19":[0,0],"20":[0,0]},"inputSourceMap":null,"_coverageSchema":"1a1c01bbd47fc00a2c39e90264f33305004495a9","hash":"6cd86c3019d711dfb77298a73e80fc0d2d7dbe70"}
,"C:\\Users\\Administrator\\Documents\\GitHub\\API-BD\\multi-proyecto-api\\src\\models\\BaseModel.js": {"path":"C:\\Users\\Administrator\\Documents\\GitHub\\API-BD\\multi-proyecto-api\\src\\models\\BaseModel.js","statementMap":{"0":{"start":{"line":5,"column":0},"end":{"line":5,"column":25}},"1":{"start":{"line":10,"column":4},"end":{"line":10,"column":16}},"2":{"start":{"line":15,"column":4},"end":{"line":15,"column":16}},"3":{"start":{"line":20,"column":4},"end":{"line":43,"column":6}},"4":{"start":{"line":23,"column":8},"end":{"line":30,"column":9}},"5":{"start":{"line":24,"column":10},"end":{"line":26,"column":11}},"6":{"start":{"line":25,"column":12},"end":{"line":25,"column":43}},"7":{"start":{"line":27,"column":10},"end":{"line":29,"column":11}},"8":{"start":{"line":28,"column":12},"end":{"line":28,"column":49}},"9":{"start":{"line":31,"column":8},"end":{"line":31,"column":21}},"10":{"start":{"line":36,"column":8},"end":{"line":36,"column":40}},"11":{"start":{"line":41,"column":8},"end":{"line":41,"column":41}},"12":{"start":{"line":48,"column":4},"end":{"line":48,"column":47}},"13":{"start":{"line":49,"column":4},"end":{"line":49,"column":47}},"14":{"start":{"line":53,"column":4},"end":{"line":53,"column":47}},"15":{"start":{"line":58,"column":4},"end":{"line":58,"column":47}},"16":{"start":{"line":59,"column":4},"end":{"line":59,"column":64}},"17":{"start":{"line":65,"column":4},"end":{"line":65,"column":30}},"18":{"start":{"line":65,"column":17},"end":{"line":65,"column":30}},"19":{"start":{"line":68,"column":24},"end":{"line":72,"column":8}},"20":{"start":{"line":74,"column":4},"end":{"line":74,"column":35}},"21":{"start":{"line":74,"column":22},"end":{"line":74,"column":35}},"22":{"start":{"line":77,"column":26},"end":{"line":81,"column":5}},"23":{"start":{"line":83,"column":4},"end":{"line":83,"column":74}}},"fnMap":{"0":{"name":"(anonymous_0)","decl":{"start":{"line":9,"column":2},"end":{"line":9,"column":3}},"loc":{"start":{"line":9,"column":31},"end":{"line":11,"column":3}},"line":9},"1":{"name":"(anonymous_1)","decl":{"start":{"line":14,"column":2},"end":{"line":14,"column":3}},"loc":{"start":{"line":14,"column":25},"end":{"line":16,"column":3}},"line":14},"2":{"name":"(anonymous_2)","decl":{"start":{"line":19,"column":2},"end":{"line":19,"column":3}},"loc":{"start":{"line":19,"column":25},"end":{"line":44,"column":3}},"line":19},"3":{"name":"(anonymous_3)","decl":{"start":{"line":22,"column":6},"end":{"line":22,"column":7}},"loc":{"start":{"line":22,"column":39},"end":{"line":32,"column":7}},"line":22},"4":{"name":"(anonymous_4)","decl":{"start":{"line":35,"column":6},"end":{"line":35,"column":7}},"loc":{"start":{"line":35,"column":26},"end":{"line":37,"column":7}},"line":35},"5":{"name":"(anonymous_5)","decl":{"start":{"line":40,"column":6},"end":{"line":40,"column":7}},"loc":{"start":{"line":40,"column":22},"end":{"line":42,"column":7}},"line":40},"6":{"name":"(anonymous_6)","decl":{"start":{"line":47,"column":2},"end":{"line":47,"column":3}},"loc":{"start":{"line":47,"column":18},"end":{"line":50,"column":3}},"line":47},"7":{"name":"(anonymous_7)","decl":{"start":{"line":52,"column":2},"end":{"line":52,"column":3}},"loc":{"start":{"line":52,"column":18},"end":{"line":54,"column":3}},"line":52},"8":{"name":"(anonymous_8)","decl":{"start":{"line":57,"column":2},"end":{"line":57,"column":3}},"loc":{"start":{"line":57,"column":18},"end":{"line":60,"column":3}},"line":57},"9":{"name":"(anonymous_9)","decl":{"start":{"line":63,"column":2},"end":{"line":63,"column":3}},"loc":{"start":{"line":63,"column":64},"end":{"line":84,"column":3}},"line":63}},"branchMap":{"0":{"loc":{"start":{"line":23,"column":8},"end":{"line":30,"column":9}},"type":"if","locations":[{"start":{"line":23,"column":8},"end":{"line":30,"column":9}},{"start":{},"end":{}}],"line":23},"1":{"loc":{"start":{"line":24,"column":10},"end":{"line":26,"column":11}},"type":"if","locations":[{"start":{"line":24,"column":10},"end":{"line":26,"column":11}},{"start":{},"end":{}}],"line":24},"2":{"loc":{"start":{"line":27,"column":10},"end":{"line":29,"column":11}},"type":"if","locations":[{"start":{"line":27,"column":10},"end":{"line":29,"column":11}},{"start":{},"end":{}}],"line":27},"3":{"loc":{"start":{"line":65,"column":4},"end":{"line":65,"column":30}},"type":"if","locations":[{"start":{"line":65,"column":4},"end":{"line":65,"column":30}},{"start":{},"end":{}}],"line":65},"4":{"loc":{"start":{"line":74,"column":4},"end":{"line":74,"column":35}},"type":"if","locations":[{"start":{"line":74,"column":4},"end":{"line":74,"column":35}},{"start":{},"end":{}}],"line":74}},"s":{"0":1,"1":0,"2":0,"3":0,"4":0,"5":0,"6":0,"7":0,"8":0,"9":0,"10":0,"11":0,"12":0,"13":0,"14":0,"15":0,"16":0,"17":0,"18":0,"19":0,"20":0,"21":0,"22":0,"23":0},"f":{"0":0,"1":0,"2":0,"3":0,"4":0,"5":0,"6":0,"7":0,"8":0,"9":0},"b":{"0":[0,0],"1":[0,0],"2":[0,0],"3":[0,0],"4":[0,0]},"inputSourceMap":null,"_coverageSchema":"1a1c01bbd47fc00a2c39e90264f33305004495a9","hash":"73e7a47720d6179e6516677dab39f112d91b2cdc"}
,"C:\\Users\\Administrator\\Documents\\GitHub\\API-BD\\multi-proyecto-api\\src\\models\\Project.js": {"path":"C:\\Users\\Administrator\\Documents\\GitHub\\API-BD\\multi-proyecto-api\\src\\models\\Project.js","statementMap":{"0":{"start":{"line":8,"column":19},"end":{"line":12,"column":2}},"1":{"start":{"line":16,"column":4},"end":{"line":16,"column":22}},"2":{"start":{"line":20,"column":4},"end":{"line":20,"column":16}},"3":{"start":{"line":24,"column":4},"end":{"line":88,"column":6}},"4":{"start":{"line":92,"column":4},"end":{"line":149,"column":6}},"5":{"start":{"line":154,"column":4},"end":{"line":154,"column":26}},"6":{"start":{"line":155,"column":4},"end":{"line":157,"column":5}},"7":{"start":{"line":156,"column":6},"end":{"line":156,"column":47}},"8":{"start":{"line":160,"column":4},"end":{"line":162,"column":5}},"9":{"start":{"line":161,"column":6},"end":{"line":161,"column":25}},"10":{"start":{"line":164,"column":4},"end":{"line":166,"column":5}},"11":{"start":{"line":165,"column":6},"end":{"line":165,"column":25}},"12":{"start":{"line":169,"column":4},"end":{"line":171,"column":5}},"13":{"start":{"line":170,"column":6},"end":{"line":170,"column":29}},"14":{"start":{"line":175,"column":4},"end":{"line":175,"column":26}},"15":{"start":{"line":176,"column":4},"end":{"line":178,"column":5}},"16":{"start":{"line":177,"column":6},"end":{"line":177,"column":47}},"17":{"start":{"line":193,"column":21},"end":{"line":193,"column":71}},"18":{"start":{"line":195,"column":4},"end":{"line":197,"column":5}},"19":{"start":{"line":196,"column":6},"end":{"line":196,"column":44}},"20":{"start":{"line":200,"column":20},"end":{"line":222,"column":6}},"21":{"start":{"line":225,"column":4},"end":{"line":225,"column":53}},"22":{"start":{"line":227,"column":4},"end":{"line":227,"column":19}},"23":{"start":{"line":237,"column":24},"end":{"line":239,"column":14}},"24":{"start":{"line":241,"column":4},"end":{"line":241,"column":35}},"25":{"start":{"line":241,"column":22},"end":{"line":241,"column":35}},"26":{"start":{"line":243,"column":26},"end":{"line":247,"column":5}},"27":{"start":{"line":249,"column":4},"end":{"line":249,"column":74}},"28":{"start":{"line":254,"column":4},"end":{"line":261,"column":22}},"29":{"start":{"line":266,"column":23},"end":{"line":266,"column":50}},"30":{"start":{"line":267,"column":4},"end":{"line":269,"column":5}},"31":{"start":{"line":268,"column":6},"end":{"line":268,"column":80}},"32":{"start":{"line":272,"column":27},"end":{"line":274,"column":14}},"33":{"start":{"line":276,"column":4},"end":{"line":288,"column":5}},"34":{"start":{"line":278,"column":6},"end":{"line":280,"column":34}},"35":{"start":{"line":283,"column":6},"end":{"line":287,"column":9}},"36":{"start":{"line":290,"column":4},"end":{"line":292,"column":15}},"37":{"start":{"line":298,"column":23},"end":{"line":300,"column":19}},"38":{"start":{"line":302,"column":4},"end":{"line":310,"column":5}},"39":{"start":{"line":303,"column":23},"end":{"line":305,"column":16}},"40":{"start":{"line":307,"column":6},"end":{"line":309,"column":7}},"41":{"start":{"line":308,"column":8},"end":{"line":308,"column":85}},"42":{"start":{"line":312,"column":4},"end":{"line":314,"column":32}},"43":{"start":{"line":325,"column":24},"end":{"line":332,"column":5}},"44":{"start":{"line":334,"column":4},"end":{"line":334,"column":62}},"45":{"start":{"line":344,"column":36},"end":{"line":344,"column":43}},"46":{"start":{"line":347,"column":24},"end":{"line":347,"column":37}},"47":{"start":{"line":350,"column":20},"end":{"line":352,"column":31}},"48":{"start":{"line":355,"column":21},"end":{"line":357,"column":36}},"49":{"start":{"line":360,"column":23},"end":{"line":363,"column":17}},"50":{"start":{"line":367,"column":23},"end":{"line":399,"column":5}},"51":{"start":{"line":378,"column":33},"end":{"line":382,"column":7}},"52":{"start":{"line":383,"column":35},"end":{"line":390,"column":7}},"53":{"start":{"line":391,"column":39},"end":{"line":398,"column":7}},"54":{"start":{"line":402,"column":4},"end":{"line":408,"column":6}},"55":{"start":{"line":411,"column":4},"end":{"line":418,"column":7}},"56":{"start":{"line":420,"column":4},"end":{"line":420,"column":22}},"57":{"start":{"line":430,"column":16},"end":{"line":430,"column":41}},"58":{"start":{"line":432,"column":4},"end":{"line":535,"column":5}},"59":{"start":{"line":433,"column":72},"end":{"line":433,"column":82}},"60":{"start":{"line":436,"column":6},"end":{"line":450,"column":9}},"61":{"start":{"line":453,"column":6},"end":{"line":468,"column":7}},"62":{"start":{"line":455,"column":32},"end":{"line":457,"column":58}},"63":{"start":{"line":457,"column":47},"end":{"line":457,"column":56}},"64":{"start":{"line":459,"column":32},"end":{"line":459,"column":76}},"65":{"start":{"line":459,"column":65},"end":{"line":459,"column":74}},"66":{"start":{"line":460,"column":27},"end":{"line":460,"column":79}},"67":{"start":{"line":460,"column":47},"end":{"line":460,"column":78}},"68":{"start":{"line":463,"column":8},"end":{"line":467,"column":10}},"69":{"start":{"line":465,"column":12},"end":{"line":465,"column":63}},"70":{"start":{"line":471,"column":6},"end":{"line":491,"column":7}},"71":{"start":{"line":473,"column":33},"end":{"line":475,"column":59}},"72":{"start":{"line":475,"column":48},"end":{"line":475,"column":57}},"73":{"start":{"line":477,"column":39},"end":{"line":477,"column":84}},"74":{"start":{"line":477,"column":73},"end":{"line":477,"column":82}},"75":{"start":{"line":478,"column":28},"end":{"line":478,"column":88}},"76":{"start":{"line":478,"column":49},"end":{"line":478,"column":87}},"77":{"start":{"line":481,"column":8},"end":{"line":490,"column":10}},"78":{"start":{"line":482,"column":32},"end":{"line":489,"column":11}},"79":{"start":{"line":494,"column":6},"end":{"line":508,"column":7}},"80":{"start":{"line":496,"column":33},"end":{"line":498,"column":24}},"81":{"start":{"line":497,"column":26},"end":{"line":497,"column":73}},"82":{"start":{"line":500,"column":8},"end":{"line":507,"column":10}},"83":{"start":{"line":501,"column":37},"end":{"line":506,"column":11}},"84":{"start":{"line":511,"column":6},"end":{"line":519,"column":9}},"85":{"start":{"line":521,"column":6},"end":{"line":521,"column":25}},"86":{"start":{"line":523,"column":6},"end":{"line":530,"column":8}},"87":{"start":{"line":532,"column":6},"end":{"line":532,"column":27}},"88":{"start":{"line":533,"column":6},"end":{"line":533,"column":59}},"89":{"start":{"line":534,"column":6},"end":{"line":534,"column":18}},"90":{"start":{"line":546,"column":4},"end":{"line":550,"column":32}},"91":{"start":{"line":563,"column":41},"end":{"line":563,"column":77}},"92":{"start":{"line":564,"column":4},"end":{"line":573,"column":7}}},"fnMap":{"0":{"name":"(anonymous_0)","decl":{"start":{"line":15,"column":2},"end":{"line":15,"column":3}},"loc":{"start":{"line":15,"column":25},"end":{"line":17,"column":3}},"line":15},"1":{"name":"(anonymous_1)","decl":{"start":{"line":19,"column":2},"end":{"line":19,"column":3}},"loc":{"start":{"line":19,"column":24},"end":{"line":21,"column":3}},"line":19},"2":{"name":"(anonymous_2)","decl":{"start":{"line":23,"column":2},"end":{"line":23,"column":3}},"loc":{"start":{"line":23,"column":26},"end":{"line":89,"column":3}},"line":23},"3":{"name":"(anonymous_3)","decl":{"start":{"line":91,"column":2},"end":{"line":91,"column":3}},"loc":{"start":{"line":91,"column":32},"end":{"line":150,"column":3}},"line":91},"4":{"name":"(anonymous_4)","decl":{"start":{"line":153,"column":2},"end":{"line":153,"column":3}},"loc":{"start":{"line":153,"column":18},"end":{"line":172,"column":3}},"line":153},"5":{"name":"(anonymous_5)","decl":{"start":{"line":174,"column":2},"end":{"line":174,"column":3}},"loc":{"start":{"line":174,"column":18},"end":{"line":179,"column":3}},"line":174},"6":{"name":"(anonymous_6)","decl":{"start":{"line":192,"column":2},"end":{"line":192,"column":3}},"loc":{"start":{"line":192,"column":113},"end":{"line":228,"column":3}},"line":192},"7":{"name":"(anonymous_7)","decl":{"start":{"line":236,"column":2},"end":{"line":236,"column":3}},"loc":{"start":{"line":236,"column":42},"end":{"line":250,"column":3}},"line":236},"8":{"name":"(anonymous_8)","decl":{"start":{"line":253,"column":2},"end":{"line":253,"column":3}},"loc":{"start":{"line":253,"column":72},"end":{"line":262,"column":3}},"line":253},"9":{"name":"(anonymous_9)","decl":{"start":{"line":265,"column":2},"end":{"line":265,"column":3}},"loc":{"start":{"line":265,"column":50},"end":{"line":293,"column":3}},"line":265},"10":{"name":"(anonymous_10)","decl":{"start":{"line":296,"column":2},"end":{"line":296,"column":3}},"loc":{"start":{"line":296,"column":29},"end":{"line":315,"column":3}},"line":296},"11":{"name":"(anonymous_11)","decl":{"start":{"line":324,"column":2},"end":{"line":324,"column":3}},"loc":{"start":{"line":324,"column":54},"end":{"line":335,"column":3}},"line":324},"12":{"name":"(anonymous_12)","decl":{"start":{"line":343,"column":2},"end":{"line":343,"column":3}},"loc":{"start":{"line":343,"column":36},"end":{"line":421,"column":3}},"line":343},"13":{"name":"(anonymous_13)","decl":{"start":{"line":378,"column":27},"end":{"line":378,"column":28}},"loc":{"start":{"line":378,"column":33},"end":{"line":382,"column":7}},"line":378},"14":{"name":"(anonymous_14)","decl":{"start":{"line":383,"column":29},"end":{"line":383,"column":30}},"loc":{"start":{"line":383,"column":35},"end":{"line":390,"column":7}},"line":383},"15":{"name":"(anonymous_15)","decl":{"start":{"line":391,"column":33},"end":{"line":391,"column":34}},"loc":{"start":{"line":391,"column":39},"end":{"line":398,"column":7}},"line":391},"16":{"name":"(anonymous_16)","decl":{"start":{"line":429,"column":2},"end":{"line":429,"column":3}},"loc":{"start":{"line":429,"column":39},"end":{"line":536,"column":3}},"line":429},"17":{"name":"(anonymous_17)","decl":{"start":{"line":457,"column":42},"end":{"line":457,"column":43}},"loc":{"start":{"line":457,"column":47},"end":{"line":457,"column":56}},"line":457},"18":{"name":"(anonymous_18)","decl":{"start":{"line":459,"column":60},"end":{"line":459,"column":61}},"loc":{"start":{"line":459,"column":65},"end":{"line":459,"column":74}},"line":459},"19":{"name":"(anonymous_19)","decl":{"start":{"line":460,"column":42},"end":{"line":460,"column":43}},"loc":{"start":{"line":460,"column":47},"end":{"line":460,"column":78}},"line":460},"20":{"name":"(anonymous_20)","decl":{"start":{"line":464,"column":25},"end":{"line":464,"column":26}},"loc":{"start":{"line":465,"column":12},"end":{"line":465,"column":63}},"line":465},"21":{"name":"(anonymous_21)","decl":{"start":{"line":475,"column":43},"end":{"line":475,"column":44}},"loc":{"start":{"line":475,"column":48},"end":{"line":475,"column":57}},"line":475},"22":{"name":"(anonymous_22)","decl":{"start":{"line":477,"column":68},"end":{"line":477,"column":69}},"loc":{"start":{"line":477,"column":73},"end":{"line":477,"column":82}},"line":477},"23":{"name":"(anonymous_23)","decl":{"start":{"line":478,"column":44},"end":{"line":478,"column":45}},"loc":{"start":{"line":478,"column":49},"end":{"line":478,"column":87}},"line":478},"24":{"name":"(anonymous_24)","decl":{"start":{"line":482,"column":26},"end":{"line":482,"column":27}},"loc":{"start":{"line":482,"column":32},"end":{"line":489,"column":11}},"line":482},"25":{"name":"(anonymous_25)","decl":{"start":{"line":497,"column":16},"end":{"line":497,"column":17}},"loc":{"start":{"line":497,"column":26},"end":{"line":497,"column":73}},"line":497},"26":{"name":"(anonymous_26)","decl":{"start":{"line":501,"column":31},"end":{"line":501,"column":32}},"loc":{"start":{"line":501,"column":37},"end":{"line":506,"column":11}},"line":501},"27":{"name":"(anonymous_27)","decl":{"start":{"line":545,"column":2},"end":{"line":545,"column":3}},"loc":{"start":{"line":545,"column":57},"end":{"line":551,"column":3}},"line":545},"28":{"name":"(anonymous_28)","decl":{"start":{"line":562,"column":2},"end":{"line":562,"column":3}},"loc":{"start":{"line":562,"column":80},"end":{"line":574,"column":3}},"line":562}},"branchMap":{"0":{"loc":{"start":{"line":155,"column":4},"end":{"line":157,"column":5}},"type":"if","locations":[{"start":{"line":155,"column":4},"end":{"line":157,"column":5}},{"start":{},"end":{}}],"line":155},"1":{"loc":{"start":{"line":155,"column":8},"end":{"line":155,"column":31}},"type":"binary-expr","locations":[{"start":{"line":155,"column":8},"end":{"line":155,"column":17}},{"start":{"line":155,"column":21},"end":{"line":155,"column":31}}],"line":155},"2":{"loc":{"start":{"line":160,"column":4},"end":{"line":162,"column":5}},"type":"if","locations":[{"start":{"line":160,"column":4},"end":{"line":162,"column":5}},{"start":{},"end":{}}],"line":160},"3":{"loc":{"start":{"line":164,"column":4},"end":{"line":166,"column":5}},"type":"if","locations":[{"start":{"line":164,"column":4},"end":{"line":166,"column":5}},{"start":{},"end":{}}],"line":164},"4":{"loc":{"start":{"line":169,"column":4},"end":{"line":171,"column":5}},"type":"if","locations":[{"start":{"line":169,"column":4},"end":{"line":171,"column":5}},{"start":{},"end":{}}],"line":169},"5":{"loc":{"start":{"line":176,"column":4},"end":{"line":178,"column":5}},"type":"if","locations":[{"start":{"line":176,"column":4},"end":{"line":178,"column":5}},{"start":{},"end":{}}],"line":176},"6":{"loc":{"start":{"line":176,"column":8},"end":{"line":176,"column":57}},"type":"binary-expr","locations":[{"start":{"line":176,"column":8},"end":{"line":176,"column":17}},{"start":{"line":176,"column":21},"end":{"line":176,"column":57}}],"line":176},"7":{"loc":{"start":{"line":192,"column":54},"end":{"line":192,"column":111}},"type":"default-arg","locations":[{"start":{"line":192,"column":109},"end":{"line":192,"column":111}}],"line":192},"8":{"loc":{"start":{"line":192,"column":75},"end":{"line":192,"column":88}},"type":"default-arg","locations":[{"start":{"line":192,"column":86},"end":{"line":192,"column":88}}],"line":192},"9":{"loc":{"start":{"line":192,"column":90},"end":{"line":192,"column":104}},"type":"default-arg","locations":[{"start":{"line":192,"column":102},"end":{"line":192,"column":104}}],"line":192},"10":{"loc":{"start":{"line":195,"column":4},"end":{"line":197,"column":5}},"type":"if","locations":[{"start":{"line":195,"column":4},"end":{"line":197,"column":5}},{"start":{},"end":{}}],"line":195},"11":{"loc":{"start":{"line":202,"column":12},"end":{"line":202,"column":45}},"type":"binary-expr","locations":[{"start":{"line":202,"column":12},"end":{"line":202,"column":16}},{"start":{"line":202,"column":20},"end":{"line":202,"column":45}}],"line":202},"12":{"loc":{"start":{"line":203,"column":19},"end":{"line":203,"column":54}},"type":"binary-expr","locations":[{"start":{"line":203,"column":19},"end":{"line":203,"column":30}},{"start":{"line":203,"column":34},"end":{"line":203,"column":54}}],"line":203},"13":{"loc":{"start":{"line":241,"column":4},"end":{"line":241,"column":35}},"type":"if","locations":[{"start":{"line":241,"column":4},"end":{"line":241,"column":35}},{"start":{},"end":{}}],"line":241},"14":{"loc":{"start":{"line":253,"column":39},"end":{"line":253,"column":70}},"type":"default-arg","locations":[{"start":{"line":253,"column":68},"end":{"line":253,"column":70}}],"line":253},"15":{"loc":{"start":{"line":253,"column":41},"end":{"line":253,"column":51}},"type":"default-arg","locations":[{"start":{"line":253,"column":49},"end":{"line":253,"column":51}}],"line":253},"16":{"loc":{"start":{"line":253,"column":53},"end":{"line":253,"column":63}},"type":"default-arg","locations":[{"start":{"line":253,"column":62},"end":{"line":253,"column":63}}],"line":253},"17":{"loc":{"start":{"line":265,"column":26},"end":{"line":265,"column":39}},"type":"default-arg","locations":[{"start":{"line":265,"column":33},"end":{"line":265,"column":39}}],"line":265},"18":{"loc":{"start":{"line":267,"column":4},"end":{"line":269,"column":5}},"type":"if","locations":[{"start":{"line":267,"column":4},"end":{"line":269,"column":5}},{"start":{},"end":{}}],"line":267},"19":{"loc":{"start":{"line":276,"column":4},"end":{"line":288,"column":5}},"type":"if","locations":[{"start":{"line":276,"column":4},"end":{"line":288,"column":5}},{"start":{"line":281,"column":11},"end":{"line":288,"column":5}}],"line":276},"20":{"loc":{"start":{"line":286,"column":18},"end":{"line":286,"column":44}},"type":"binary-expr","locations":[{"start":{"line":286,"column":18},"end":{"line":286,"column":25}},{"start":{"line":286,"column":29},"end":{"line":286,"column":44}}],"line":286},"21":{"loc":{"start":{"line":302,"column":4},"end":{"line":310,"column":5}},"type":"if","locations":[{"start":{"line":302,"column":4},"end":{"line":310,"column":5}},{"start":{},"end":{}}],"line":302},"22":{"loc":{"start":{"line":307,"column":6},"end":{"line":309,"column":7}},"type":"if","locations":[{"start":{"line":307,"column":6},"end":{"line":309,"column":7}},{"start":{},"end":{}}],"line":307},"23":{"loc":{"start":{"line":324,"column":36},"end":{"line":324,"column":52}},"type":"default-arg","locations":[{"start":{"line":324,"column":50},"end":{"line":324,"column":52}}],"line":324},"24":{"loc":{"start":{"line":343,"column":22},"end":{"line":343,"column":34}},"type":"default-arg","locations":[{"start":{"line":343,"column":32},"end":{"line":343,"column":34}}],"line":343},"25":{"loc":{"start":{"line":344,"column":12},"end":{"line":344,"column":31}},"type":"default-arg","locations":[{"start":{"line":344,"column":26},"end":{"line":344,"column":31}}],"line":344},"26":{"loc":{"start":{"line":415,"column":23},"end":{"line":415,"column":55}},"type":"binary-expr","locations":[{"start":{"line":415,"column":23},"end":{"line":415,"column":50}},{"start":{"line":415,"column":54},"end":{"line":415,"column":55}}],"line":415},"27":{"loc":{"start":{"line":433,"column":23},"end":{"line":433,"column":35}},"type":"default-arg","locations":[{"start":{"line":433,"column":33},"end":{"line":433,"column":35}}],"line":433},"28":{"loc":{"start":{"line":433,"column":37},"end":{"line":433,"column":50}},"type":"default-arg","locations":[{"start":{"line":433,"column":48},"end":{"line":433,"column":50}}],"line":433},"29":{"loc":{"start":{"line":433,"column":52},"end":{"line":433,"column":67}},"type":"default-arg","locations":[{"start":{"line":433,"column":65},"end":{"line":433,"column":67}}],"line":433},"30":{"loc":{"start":{"line":439,"column":14},"end":{"line":439,"column":36}},"type":"binary-expr","locations":[{"start":{"line":439,"column":14},"end":{"line":439,"column":30}},{"start":{"line":439,"column":34},"end":{"line":439,"column":36}}],"line":439},"31":{"loc":{"start":{"line":441,"column":25},"end":{"line":441,"column":57}},"type":"binary-expr","locations":[{"start":{"line":441,"column":25},"end":{"line":441,"column":52}},{"start":{"line":441,"column":56},"end":{"line":441,"column":57}}],"line":441},"32":{"loc":{"start":{"line":453,"column":6},"end":{"line":468,"column":7}},"type":"if","locations":[{"start":{"line":453,"column":6},"end":{"line":468,"column":7}},{"start":{},"end":{}}],"line":453},"33":{"loc":{"start":{"line":471,"column":6},"end":{"line":491,"column":7}},"type":"if","locations":[{"start":{"line":471,"column":6},"end":{"line":491,"column":7}},{"start":{},"end":{}}],"line":471},"34":{"loc":{"start":{"line":487,"column":24},"end":{"line":487,"column":64}},"type":"binary-expr","locations":[{"start":{"line":487,"column":24},"end":{"line":487,"column":36}},{"start":{"line":487,"column":40},"end":{"line":487,"column":64}}],"line":487},"35":{"loc":{"start":{"line":488,"column":24},"end":{"line":488,"column":64}},"type":"binary-expr","locations":[{"start":{"line":488,"column":24},"end":{"line":488,"column":36}},{"start":{"line":488,"column":40},"end":{"line":488,"column":64}}],"line":488},"36":{"loc":{"start":{"line":494,"column":6},"end":{"line":508,"column":7}},"type":"if","locations":[{"start":{"line":494,"column":6},"end":{"line":508,"column":7}},{"start":{},"end":{}}],"line":494},"37":{"loc":{"start":{"line":505,"column":24},"end":{"line":505,"column":64}},"type":"binary-expr","locations":[{"start":{"line":505,"column":24},"end":{"line":505,"column":36}},{"start":{"line":505,"column":40},"end":{"line":505,"column":64}}],"line":505},"38":{"loc":{"start":{"line":545,"column":24},"end":{"line":545,"column":55}},"type":"default-arg","locations":[{"start":{"line":545,"column":53},"end":{"line":545,"column":55}}],"line":545},"39":{"loc":{"start":{"line":545,"column":26},"end":{"line":545,"column":36}},"type":"default-arg","locations":[{"start":{"line":545,"column":34},"end":{"line":545,"column":36}}],"line":545},"40":{"loc":{"start":{"line":545,"column":38},"end":{"line":545,"column":48}},"type":"default-arg","locations":[{"start":{"line":545,"column":47},"end":{"line":545,"column":48}}],"line":545},"41":{"loc":{"start":{"line":562,"column":48},"end":{"line":562,"column":63}},"type":"default-arg","locations":[{"start":{"line":562,"column":59},"end":{"line":562,"column":63}}],"line":562},"42":{"loc":{"start":{"line":562,"column":65},"end":{"line":562,"column":78}},"type":"default-arg","locations":[{"start":{"line":562,"column":76},"end":{"line":562,"column":78}}],"line":562}},"s":{"0":1,"1":0,"2":0,"3":0,"4":0,"5":0,"6":0,"7":0,"8":0,"9":0,"10":0,"11":0,"12":0,"13":0,"14":0,"15":0,"16":0,"17":0,"18":0,"19":0,"20":0,"21":0,"22":0,"23":0,"24":0,"25":0,"26":0,"27":0,"28":0,"29":0,"30":0,"31":0,"32":0,"33":0,"34":0,"35":0,"36":0,"37":0,"38":0,"39":0,"40":0,"41":0,"42":0,"43":0,"44":0,"45":0,"46":0,"47":0,"48":0,"49":0,"50":0,"51":0,"52":0,"53":0,"54":0,"55":0,"56":0,"57":0,"58":0,"59":0,"60":0,"61":0,"62":0,"63":0,"64":0,"65":0,"66":0,"67":0,"68":0,"69":0,"70":0,"71":0,"72":0,"73":0,"74":0,"75":0,"76":0,"77":0,"78":0,"79":0,"80":0,"81":0,"82":0,"83":0,"84":0,"85":0,"86":0,"87":0,"88":0,"89":0,"90":0,"91":0,"92":0},"f":{"0":0,"1":0,"2":0,"3":0,"4":0,"5":0,"6":0,"7":0,"8":0,"9":0,"10":0,"11":0,"12":0,"13":0,"14":0,"15":0,"16":0,"17":0,"18":0,"19":0,"20":0,"21":0,"22":0,"23":0,"24":0,"25":0,"26":0,"27":0,"28":0},"b":{"0":[0,0],"1":[0,0],"2":[0,0],"3":[0,0],"4":[0,0],"5":[0,0],"6":[0,0],"7":[0],"8":[0],"9":[0],"10":[0,0],"11":[0,0],"12":[0,0],"13":[0,0],"14":[0],"15":[0],"16":[0],"17":[0],"18":[0,0],"19":[0,0],"20":[0,0],"21":[0,0],"22":[0,0],"23":[0],"24":[0],"25":[0],"26":[0,0],"27":[0],"28":[0],"29":[0],"30":[0,0],"31":[0,0],"32":[0,0],"33":[0,0],"34":[0,0],"35":[0,0],"36":[0,0],"37":[0,0],"38":[0],"39":[0],"40":[0],"41":[0],"42":[0]},"inputSourceMap":null,"_coverageSchema":"1a1c01bbd47fc00a2c39e90264f33305004495a9","hash":"f07f2b2f10bbd82212ddf8f838510b0f560fe6c6"}
,"C:\\Users\\Administrator\\Documents\\GitHub\\API-BD\\multi-proyecto-api\\src\\models\\ProjectActivity.js": {"path":"C:\\Users\\Administrator\\Documents\\GitHub\\API-BD\\multi-proyecto-api\\src\\models\\ProjectActivity.js","statementMap":{"0":{"start":{"line":6,"column":4},"end":{"line":6,"column":32}},"1":{"start":{"line":10,"column":4},"end":{"line":10,"column":16}},"2":{"start":{"line":14,"column":4},"end":{"line":47,"column":6}},"3":{"start":{"line":51,"column":4},"end":{"line":68,"column":6}},"4":{"start":{"line":72,"column":4},"end":{"line":72,"column":26}},"5":{"start":{"line":74,"column":4},"end":{"line":76,"column":5}},"6":{"start":{"line":75,"column":6},"end":{"line":75,"column":25}},"7":{"start":{"line":78,"column":4},"end":{"line":80,"column":5}},"8":{"start":{"line":79,"column":6},"end":{"line":79,"column":25}},"9":{"start":{"line":82,"column":4},"end":{"line":82,"column":47}},"10":{"start":{"line":108,"column":25},"end":{"line":116,"column":5}},"11":{"start":{"line":119,"column":4},"end":{"line":122,"column":5}},"12":{"start":{"line":120,"column":6},"end":{"line":120,"column":80}},"13":{"start":{"line":121,"column":6},"end":{"line":121,"column":58}},"14":{"start":{"line":124,"column":4},"end":{"line":124,"column":45}},"15":{"start":{"line":152,"column":16},"end":{"line":157,"column":21}},"16":{"start":{"line":159,"column":4},"end":{"line":163,"column":5}},"17":{"start":{"line":160,"column":6},"end":{"line":162,"column":40}},"18":{"start":{"line":165,"column":4},"end":{"line":169,"column":5}},"19":{"start":{"line":166,"column":6},"end":{"line":168,"column":49}},"20":{"start":{"line":171,"column":4},"end":{"line":173,"column":5}},"21":{"start":{"line":172,"column":6},"end":{"line":172,"column":45}},"22":{"start":{"line":175,"column":4},"end":{"line":177,"column":5}},"23":{"start":{"line":176,"column":6},"end":{"line":176,"column":71}},"24":{"start":{"line":179,"column":4},"end":{"line":181,"column":5}},"25":{"start":{"line":180,"column":6},"end":{"line":180,"column":69}},"26":{"start":{"line":183,"column":4},"end":{"line":183,"column":17}},"27":{"start":{"line":193,"column":16},"end":{"line":196,"column":19}},"28":{"start":{"line":198,"column":4},"end":{"line":200,"column":5}},"29":{"start":{"line":199,"column":6},"end":{"line":199,"column":53}},"30":{"start":{"line":202,"column":4},"end":{"line":204,"column":5}},"31":{"start":{"line":203,"column":6},"end":{"line":203,"column":61}},"32":{"start":{"line":206,"column":4},"end":{"line":208,"column":5}},"33":{"start":{"line":207,"column":6},"end":{"line":207,"column":52}},"34":{"start":{"line":210,"column":4},"end":{"line":212,"column":5}},"35":{"start":{"line":211,"column":6},"end":{"line":211,"column":79}},"36":{"start":{"line":214,"column":4},"end":{"line":216,"column":5}},"37":{"start":{"line":215,"column":6},"end":{"line":215,"column":77}},"38":{"start":{"line":218,"column":4},"end":{"line":218,"column":17}},"39":{"start":{"line":229,"column":16},"end":{"line":237,"column":39}},"40":{"start":{"line":239,"column":4},"end":{"line":241,"column":5}},"41":{"start":{"line":240,"column":6},"end":{"line":240,"column":71}},"42":{"start":{"line":243,"column":4},"end":{"line":245,"column":5}},"43":{"start":{"line":244,"column":6},"end":{"line":244,"column":69}},"44":{"start":{"line":247,"column":20},"end":{"line":247,"column":31}},"45":{"start":{"line":250,"column":18},"end":{"line":254,"column":5}},"46":{"start":{"line":256,"column":4},"end":{"line":271,"column":7}},"47":{"start":{"line":258,"column":6},"end":{"line":260,"column":7}},"48":{"start":{"line":259,"column":8},"end":{"line":259,"column":39}},"49":{"start":{"line":261,"column":6},"end":{"line":261,"column":56}},"50":{"start":{"line":264,"column":6},"end":{"line":266,"column":7}},"51":{"start":{"line":265,"column":8},"end":{"line":265,"column":44}},"52":{"start":{"line":267,"column":6},"end":{"line":267,"column":61}},"53":{"start":{"line":270,"column":6},"end":{"line":270,"column":41}},"54":{"start":{"line":273,"column":4},"end":{"line":273,"column":17}}},"fnMap":{"0":{"name":"(anonymous_0)","decl":{"start":{"line":5,"column":2},"end":{"line":5,"column":3}},"loc":{"start":{"line":5,"column":25},"end":{"line":7,"column":3}},"line":5},"1":{"name":"(anonymous_1)","decl":{"start":{"line":9,"column":2},"end":{"line":9,"column":3}},"loc":{"start":{"line":9,"column":24},"end":{"line":11,"column":3}},"line":9},"2":{"name":"(anonymous_2)","decl":{"start":{"line":13,"column":2},"end":{"line":13,"column":3}},"loc":{"start":{"line":13,"column":26},"end":{"line":48,"column":3}},"line":13},"3":{"name":"(anonymous_3)","decl":{"start":{"line":50,"column":2},"end":{"line":50,"column":3}},"loc":{"start":{"line":50,"column":32},"end":{"line":69,"column":3}},"line":50},"4":{"name":"(anonymous_4)","decl":{"start":{"line":71,"column":2},"end":{"line":71,"column":3}},"loc":{"start":{"line":71,"column":18},"end":{"line":83,"column":3}},"line":71},"5":{"name":"(anonymous_5)","decl":{"start":{"line":98,"column":2},"end":{"line":98,"column":3}},"loc":{"start":{"line":107,"column":5},"end":{"line":125,"column":3}},"line":107},"6":{"name":"(anonymous_6)","decl":{"start":{"line":140,"column":2},"end":{"line":140,"column":3}},"loc":{"start":{"line":151,"column":4},"end":{"line":184,"column":3}},"line":151},"7":{"name":"(anonymous_7)","decl":{"start":{"line":192,"column":2},"end":{"line":192,"column":3}},"loc":{"start":{"line":192,"column":61},"end":{"line":219,"column":3}},"line":192},"8":{"name":"(anonymous_8)","decl":{"start":{"line":228,"column":2},"end":{"line":228,"column":3}},"loc":{"start":{"line":228,"column":77},"end":{"line":274,"column":3}},"line":228},"9":{"name":"(anonymous_9)","decl":{"start":{"line":256,"column":20},"end":{"line":256,"column":21}},"loc":{"start":{"line":256,"column":27},"end":{"line":271,"column":5}},"line":256}},"branchMap":{"0":{"loc":{"start":{"line":74,"column":4},"end":{"line":76,"column":5}},"type":"if","locations":[{"start":{"line":74,"column":4},"end":{"line":76,"column":5}},{"start":{},"end":{}}],"line":74},"1":{"loc":{"start":{"line":78,"column":4},"end":{"line":80,"column":5}},"type":"if","locations":[{"start":{"line":78,"column":4},"end":{"line":80,"column":5}},{"start":{},"end":{}}],"line":78},"2":{"loc":{"start":{"line":103,"column":4},"end":{"line":103,"column":19}},"type":"default-arg","locations":[{"start":{"line":103,"column":15},"end":{"line":103,"column":19}}],"line":103},"3":{"loc":{"start":{"line":104,"column":4},"end":{"line":104,"column":21}},"type":"default-arg","locations":[{"start":{"line":104,"column":17},"end":{"line":104,"column":21}}],"line":104},"4":{"loc":{"start":{"line":105,"column":4},"end":{"line":105,"column":17}},"type":"default-arg","locations":[{"start":{"line":105,"column":15},"end":{"line":105,"column":17}}],"line":105},"5":{"loc":{"start":{"line":106,"column":4},"end":{"line":106,"column":18}},"type":"default-arg","locations":[{"start":{"line":106,"column":14},"end":{"line":106,"column":18}}],"line":106},"6":{"loc":{"start":{"line":119,"column":4},"end":{"line":122,"column":5}},"type":"if","locations":[{"start":{"line":119,"column":4},"end":{"line":122,"column":5}},{"start":{},"end":{}}],"line":119},"7":{"loc":{"start":{"line":120,"column":32},"end":{"line":120,"column":79}},"type":"binary-expr","locations":[{"start":{"line":120,"column":32},"end":{"line":120,"column":42}},{"start":{"line":120,"column":46},"end":{"line":120,"column":79}}],"line":120},"8":{"loc":{"start":{"line":142,"column":4},"end":{"line":148,"column":10}},"type":"default-arg","locations":[{"start":{"line":148,"column":8},"end":{"line":148,"column":10}}],"line":142},"9":{"loc":{"start":{"line":149,"column":4},"end":{"line":149,"column":14}},"type":"default-arg","locations":[{"start":{"line":149,"column":12},"end":{"line":149,"column":14}}],"line":149},"10":{"loc":{"start":{"line":150,"column":4},"end":{"line":150,"column":14}},"type":"default-arg","locations":[{"start":{"line":150,"column":13},"end":{"line":150,"column":14}}],"line":150},"11":{"loc":{"start":{"line":159,"column":4},"end":{"line":163,"column":5}},"type":"if","locations":[{"start":{"line":159,"column":4},"end":{"line":163,"column":5}},{"start":{},"end":{}}],"line":159},"12":{"loc":{"start":{"line":160,"column":14},"end":{"line":162,"column":39}},"type":"cond-expr","locations":[{"start":{"line":161,"column":10},"end":{"line":161,"column":41}},{"start":{"line":162,"column":10},"end":{"line":162,"column":39}}],"line":160},"13":{"loc":{"start":{"line":165,"column":4},"end":{"line":169,"column":5}},"type":"if","locations":[{"start":{"line":165,"column":4},"end":{"line":169,"column":5}},{"start":{},"end":{}}],"line":165},"14":{"loc":{"start":{"line":166,"column":14},"end":{"line":168,"column":48}},"type":"cond-expr","locations":[{"start":{"line":167,"column":10},"end":{"line":167,"column":50}},{"start":{"line":168,"column":10},"end":{"line":168,"column":48}}],"line":166},"15":{"loc":{"start":{"line":171,"column":4},"end":{"line":173,"column":5}},"type":"if","locations":[{"start":{"line":171,"column":4},"end":{"line":173,"column":5}},{"start":{},"end":{}}],"line":171},"16":{"loc":{"start":{"line":175,"column":4},"end":{"line":177,"column":5}},"type":"if","locations":[{"start":{"line":175,"column":4},"end":{"line":177,"column":5}},{"start":{},"end":{}}],"line":175},"17":{"loc":{"start":{"line":179,"column":4},"end":{"line":181,"column":5}},"type":"if","locations":[{"start":{"line":179,"column":4},"end":{"line":181,"column":5}},{"start":{},"end":{}}],"line":179},"18":{"loc":{"start":{"line":192,"column":35},"end":{"line":192,"column":47}},"type":"default-arg","locations":[{"start":{"line":192,"column":45},"end":{"line":192,"column":47}}],"line":192},"19":{"loc":{"start":{"line":192,"column":49},"end":{"line":192,"column":59}},"type":"default-arg","locations":[{"start":{"line":192,"column":57},"end":{"line":192,"column":59}}],"line":192},"20":{"loc":{"start":{"line":198,"column":4},"end":{"line":200,"column":5}},"type":"if","locations":[{"start":{"line":198,"column":4},"end":{"line":200,"column":5}},{"start":{},"end":{}}],"line":198},"21":{"loc":{"start":{"line":202,"column":4},"end":{"line":204,"column":5}},"type":"if","locations":[{"start":{"line":202,"column":4},"end":{"line":204,"column":5}},{"start":{},"end":{}}],"line":202},"22":{"loc":{"start":{"line":206,"column":4},"end":{"line":208,"column":5}},"type":"if","locations":[{"start":{"line":206,"column":4},"end":{"line":208,"column":5}},{"start":{},"end":{}}],"line":206},"23":{"loc":{"start":{"line":210,"column":4},"end":{"line":212,"column":5}},"type":"if","locations":[{"start":{"line":210,"column":4},"end":{"line":212,"column":5}},{"start":{},"end":{}}],"line":210},"24":{"loc":{"start":{"line":214,"column":4},"end":{"line":216,"column":5}},"type":"if","locations":[{"start":{"line":214,"column":4},"end":{"line":216,"column":5}},{"start":{},"end":{}}],"line":214},"25":{"loc":{"start":{"line":228,"column":43},"end":{"line":228,"column":59}},"type":"default-arg","locations":[{"start":{"line":228,"column":55},"end":{"line":228,"column":59}}],"line":228},"26":{"loc":{"start":{"line":228,"column":61},"end":{"line":228,"column":75}},"type":"default-arg","locations":[{"start":{"line":228,"column":71},"end":{"line":228,"column":75}}],"line":228},"27":{"loc":{"start":{"line":239,"column":4},"end":{"line":241,"column":5}},"type":"if","locations":[{"start":{"line":239,"column":4},"end":{"line":241,"column":5}},{"start":{},"end":{}}],"line":239},"28":{"loc":{"start":{"line":243,"column":4},"end":{"line":245,"column":5}},"type":"if","locations":[{"start":{"line":243,"column":4},"end":{"line":245,"column":5}},{"start":{},"end":{}}],"line":243},"29":{"loc":{"start":{"line":258,"column":6},"end":{"line":260,"column":7}},"type":"if","locations":[{"start":{"line":258,"column":6},"end":{"line":260,"column":7}},{"start":{},"end":{}}],"line":258},"30":{"loc":{"start":{"line":264,"column":6},"end":{"line":266,"column":7}},"type":"if","locations":[{"start":{"line":264,"column":6},"end":{"line":266,"column":7}},{"start":{},"end":{}}],"line":264}},"s":{"0":0,"1":0,"2":0,"3":0,"4":0,"5":0,"6":0,"7":0,"8":0,"9":0,"10":0,"11":0,"12":0,"13":0,"14":0,"15":0,"16":0,"17":0,"18":0,"19":0,"20":0,"21":0,"22":0,"23":0,"24":0,"25":0,"26":0,"27":0,"28":0,"29":0,"30":0,"31":0,"32":0,"33":0,"34":0,"35":0,"36":0,"37":0,"38":0,"39":0,"40":0,"41":0,"42":0,"43":0,"44":0,"45":0,"46":0,"47":0,"48":0,"49":0,"50":0,"51":0,"52":0,"53":0,"54":0},"f":{"0":0,"1":0,"2":0,"3":0,"4":0,"5":0,"6":0,"7":0,"8":0,"9":0},"b":{"0":[0,0],"1":[0,0],"2":[0],"3":[0],"4":[0],"5":[0],"6":[0,0],"7":[0,0],"8":[0],"9":[0],"10":[0],"11":[0,0],"12":[0,0],"13":[0,0],"14":[0,0],"15":[0,0],"16":[0,0],"17":[0,0],"18":[0],"19":[0],"20":[0,0],"21":[0,0],"22":[0,0],"23":[0,0],"24":[0,0],"25":[0],"26":[0],"27":[0,0],"28":[0,0],"29":[0,0],"30":[0,0]},"inputSourceMap":null,"_coverageSchema":"1a1c01bbd47fc00a2c39e90264f33305004495a9","hash":"37b39fd093a52365ac480b7659bf1f0437121739"}
,"C:\\Users\\Administrator\\Documents\\GitHub\\API-BD\\multi-proyecto-api\\src\\models\\ProjectDatabase.js": {"path":"C:\\Users\\Administrator\\Documents\\GitHub\\API-BD\\multi-proyecto-api\\src\\models\\ProjectDatabase.js","statementMap":{"0":{"start":{"line":5,"column":4},"end":{"line":5,"column":31}},"1":{"start":{"line":9,"column":4},"end":{"line":9,"column":16}},"2":{"start":{"line":13,"column":4},"end":{"line":49,"column":6}},"3":{"start":{"line":53,"column":4},"end":{"line":70,"column":6}},"4":{"start":{"line":75,"column":4},"end":{"line":75,"column":32}},"5":{"start":{"line":77,"column":4},"end":{"line":83,"column":5}},"6":{"start":{"line":79,"column":6},"end":{"line":82,"column":38}},"7":{"start":{"line":87,"column":4},"end":{"line":87,"column":32}},"8":{"start":{"line":89,"column":4},"end":{"line":96,"column":5}},"9":{"start":{"line":91,"column":6},"end":{"line":95,"column":38}},"10":{"start":{"line":101,"column":40},"end":{"line":101,"column":44}},"11":{"start":{"line":104,"column":19},"end":{"line":104,"column":43}},"12":{"start":{"line":107,"column":4},"end":{"line":153,"column":5}},"13":{"start":{"line":109,"column":8},"end":{"line":123,"column":10}},"14":{"start":{"line":126,"column":8},"end":{"line":136,"column":10}},"15":{"start":{"line":139,"column":8},"end":{"line":149,"column":10}},"16":{"start":{"line":152,"column":8},"end":{"line":152,"column":62}},"17":{"start":{"line":158,"column":17},"end":{"line":158,"column":32}},"18":{"start":{"line":159,"column":19},"end":{"line":159,"column":45}},"19":{"start":{"line":161,"column":4},"end":{"line":173,"column":5}},"20":{"start":{"line":162,"column":17},"end":{"line":162,"column":29}},"21":{"start":{"line":164,"column":6},"end":{"line":164,"column":31}},"22":{"start":{"line":165,"column":6},"end":{"line":165,"column":25}},"23":{"start":{"line":166,"column":6},"end":{"line":166,"column":65}},"24":{"start":{"line":168,"column":6},"end":{"line":172,"column":8}},"25":{"start":{"line":178,"column":4},"end":{"line":181,"column":15}},"26":{"start":{"line":186,"column":4},"end":{"line":189,"column":31}}},"fnMap":{"0":{"name":"(anonymous_0)","decl":{"start":{"line":4,"column":2},"end":{"line":4,"column":3}},"loc":{"start":{"line":4,"column":25},"end":{"line":6,"column":3}},"line":4},"1":{"name":"(anonymous_1)","decl":{"start":{"line":8,"column":2},"end":{"line":8,"column":3}},"loc":{"start":{"line":8,"column":24},"end":{"line":10,"column":3}},"line":8},"2":{"name":"(anonymous_2)","decl":{"start":{"line":12,"column":2},"end":{"line":12,"column":3}},"loc":{"start":{"line":12,"column":26},"end":{"line":50,"column":3}},"line":12},"3":{"name":"(anonymous_3)","decl":{"start":{"line":52,"column":2},"end":{"line":52,"column":3}},"loc":{"start":{"line":52,"column":32},"end":{"line":71,"column":3}},"line":52},"4":{"name":"(anonymous_4)","decl":{"start":{"line":74,"column":2},"end":{"line":74,"column":3}},"loc":{"start":{"line":74,"column":24},"end":{"line":84,"column":3}},"line":74},"5":{"name":"(anonymous_5)","decl":{"start":{"line":86,"column":2},"end":{"line":86,"column":3}},"loc":{"start":{"line":86,"column":24},"end":{"line":97,"column":3}},"line":86},"6":{"name":"(anonymous_6)","decl":{"start":{"line":100,"column":2},"end":{"line":100,"column":3}},"loc":{"start":{"line":100,"column":24},"end":{"line":154,"column":3}},"line":100},"7":{"name":"(anonymous_7)","decl":{"start":{"line":157,"column":2},"end":{"line":157,"column":3}},"loc":{"start":{"line":157,"column":25},"end":{"line":174,"column":3}},"line":157},"8":{"name":"(anonymous_8)","decl":{"start":{"line":177,"column":2},"end":{"line":177,"column":3}},"loc":{"start":{"line":177,"column":45},"end":{"line":182,"column":3}},"line":177},"9":{"name":"(anonymous_9)","decl":{"start":{"line":185,"column":2},"end":{"line":185,"column":3}},"loc":{"start":{"line":185,"column":46},"end":{"line":190,"column":3}},"line":185}},"branchMap":{"0":{"loc":{"start":{"line":77,"column":4},"end":{"line":83,"column":5}},"type":"if","locations":[{"start":{"line":77,"column":4},"end":{"line":83,"column":5}},{"start":{},"end":{}}],"line":77},"1":{"loc":{"start":{"line":89,"column":4},"end":{"line":96,"column":5}},"type":"if","locations":[{"start":{"line":89,"column":4},"end":{"line":96,"column":5}},{"start":{},"end":{}}],"line":89},"2":{"loc":{"start":{"line":89,"column":8},"end":{"line":89,"column":70}},"type":"binary-expr","locations":[{"start":{"line":89,"column":8},"end":{"line":89,"column":23}},{"start":{"line":89,"column":27},"end":{"line":89,"column":70}}],"line":89},"3":{"loc":{"start":{"line":107,"column":4},"end":{"line":153,"column":5}},"type":"switch","locations":[{"start":{"line":108,"column":6},"end":{"line":123,"column":10}},{"start":{"line":125,"column":6},"end":{"line":136,"column":10}},{"start":{"line":138,"column":6},"end":{"line":149,"column":10}},{"start":{"line":151,"column":6},"end":{"line":152,"column":62}}],"line":107},"4":{"loc":{"start":{"line":113,"column":18},"end":{"line":113,"column":37}},"type":"binary-expr","locations":[{"start":{"line":113,"column":18},"end":{"line":113,"column":29}},{"start":{"line":113,"column":33},"end":{"line":113,"column":37}}],"line":113},"5":{"loc":{"start":{"line":117,"column":17},"end":{"line":117,"column":67}},"type":"cond-expr","locations":[{"start":{"line":117,"column":30},"end":{"line":117,"column":59}},{"start":{"line":117,"column":62},"end":{"line":117,"column":67}}],"line":117},"6":{"loc":{"start":{"line":130,"column":18},"end":{"line":130,"column":37}},"type":"binary-expr","locations":[{"start":{"line":130,"column":18},"end":{"line":130,"column":29}},{"start":{"line":130,"column":33},"end":{"line":130,"column":37}}],"line":130},"7":{"loc":{"start":{"line":134,"column":17},"end":{"line":134,"column":71}},"type":"cond-expr","locations":[{"start":{"line":134,"column":30},"end":{"line":134,"column":59}},{"start":{"line":134,"column":62},"end":{"line":134,"column":71}}],"line":134},"8":{"loc":{"start":{"line":142,"column":103},"end":{"line":142,"column":123}},"type":"binary-expr","locations":[{"start":{"line":142,"column":103},"end":{"line":142,"column":114}},{"start":{"line":142,"column":118},"end":{"line":142,"column":123}}],"line":142},"9":{"loc":{"start":{"line":146,"column":19},"end":{"line":146,"column":38}},"type":"binary-expr","locations":[{"start":{"line":146,"column":19},"end":{"line":146,"column":29}},{"start":{"line":146,"column":33},"end":{"line":146,"column":38}}],"line":146}},"s":{"0":0,"1":0,"2":0,"3":0,"4":0,"5":0,"6":0,"7":0,"8":0,"9":0,"10":0,"11":0,"12":0,"13":0,"14":0,"15":0,"16":0,"17":0,"18":0,"19":0,"20":0,"21":0,"22":0,"23":0,"24":0,"25":0,"26":0},"f":{"0":0,"1":0,"2":0,"3":0,"4":0,"5":0,"6":0,"7":0,"8":0,"9":0},"b":{"0":[0,0],"1":[0,0],"2":[0,0],"3":[0,0,0,0],"4":[0,0],"5":[0,0],"6":[0,0],"7":[0,0],"8":[0,0],"9":[0,0]},"inputSourceMap":null,"_coverageSchema":"1a1c01bbd47fc00a2c39e90264f33305004495a9","hash":"c9c1ada0b451794031c936fad73d67c51058328b"}
[...]
4},"end":{"line":44,"column":5}},{"start":{"line":42,"column":11},"end":{"line":44,"column":5}}],"line":36},"2":{"loc":{"start":{"line":39,"column":15},"end":{"line":39,"column":63}},"type":"binary-expr","locations":[{"start":{"line":39,"column":15},"end":{"line":39,"column":39}},{"start":{"line":39,"column":43},"end":{"line":39,"column":63}}],"line":39},"3":{"loc":{"start":{"line":48,"column":26},"end":{"line":48,"column":63}},"type":"cond-expr","locations":[{"start":{"line":48,"column":34},"end":{"line":48,"column":56}},{"start":{"line":48,"column":59},"end":{"line":48,"column":63}}],"line":48},"4":{"loc":{"start":{"line":57,"column":40},"end":{"line":57,"column":52}},"type":"default-arg","locations":[{"start":{"line":57,"column":50},"end":{"line":57,"column":52}}],"line":57},"5":{"loc":{"start":{"line":61,"column":4},"end":{"line":63,"column":5}},"type":"if","locations":[{"start":{"line":61,"column":4},"end":{"line":63,"column":5}},{"start":{},"end":{}}],"line":61},"6":{"loc":{"start":{"line":86,"column":12},"end":{"line":86,"column":23}},"type":"default-arg","locations":[{"start":{"line":86,"column":21},"end":{"line":86,"column":23}}],"line":86},"7":{"loc":{"start":{"line":94,"column":17},"end":{"line":94,"column":33}},"type":"binary-expr","locations":[{"start":{"line":94,"column":17},"end":{"line":94,"column":24}},{"start":{"line":94,"column":28},"end":{"line":94,"column":33}}],"line":94},"8":{"loc":{"start":{"line":95,"column":20},"end":{"line":95,"column":39}},"type":"binary-expr","locations":[{"start":{"line":95,"column":20},"end":{"line":95,"column":30}},{"start":{"line":95,"column":34},"end":{"line":95,"column":39}}],"line":95},"9":{"loc":{"start":{"line":109,"column":4},"end":{"line":118,"column":5}},"type":"if","locations":[{"start":{"line":109,"column":4},"end":{"line":118,"column":5}},{"start":{},"end":{}}],"line":109},"10":{"loc":{"start":{"line":109,"column":8},"end":{"line":109,"column":70}},"type":"binary-expr","locations":[{"start":{"line":109,"column":8},"end":{"line":109,"column":39}},{"start":{"line":109,"column":43},"end":{"line":109,"column":70}}],"line":109},"11":{"loc":{"start":{"line":122,"column":17},"end":{"line":122,"column":65}},"type":"binary-expr","locations":[{"start":{"line":122,"column":17},"end":{"line":122,"column":41}},{"start":{"line":122,"column":45},"end":{"line":122,"column":65}}],"line":122},"12":{"loc":{"start":{"line":138,"column":34},"end":{"line":138,"column":49}},"type":"default-arg","locations":[{"start":{"line":138,"column":47},"end":{"line":138,"column":49}}],"line":138},"13":{"loc":{"start":{"line":148,"column":24},"end":{"line":148,"column":51}},"type":"binary-expr","locations":[{"start":{"line":148,"column":24},"end":{"line":148,"column":42}},{"start":{"line":148,"column":46},"end":{"line":148,"column":51}}],"line":148},"14":{"loc":{"start":{"line":149,"column":21},"end":{"line":149,"column":45}},"type":"binary-expr","locations":[{"start":{"line":149,"column":21},"end":{"line":149,"column":36}},{"start":{"line":149,"column":40},"end":{"line":149,"column":45}}],"line":149},"15":{"loc":{"start":{"line":150,"column":27},"end":{"line":150,"column":63}},"type":"binary-expr","locations":[{"start":{"line":150,"column":27},"end":{"line":150,"column":47}},{"start":{"line":150,"column":51},"end":{"line":150,"column":63}}],"line":150},"16":{"loc":{"start":{"line":159,"column":6},"end":{"line":168,"column":7}},"type":"if","locations":[{"start":{"line":159,"column":6},"end":{"line":168,"column":7}},{"start":{},"end":{}}],"line":159},"17":{"loc":{"start":{"line":159,"column":10},"end":{"line":159,"column":65}},"type":"binary-expr","locations":[{"start":{"line":159,"column":10},"end":{"line":159,"column":41}},{"start":{"line":159,"column":45},"end":{"line":159,"column":65}}],"line":159},"18":{"loc":{"start":{"line":164,"column":16},"end":{"line":164,"column":40}},"type":"binary-expr","locations":[{"start":{"line":164,"column":16},"end":{"line":164,"column":34}},{"start":{"line":164,"column":38},"end":{"line":164,"column":40}}],"line":164},"19":{"loc":{"start":{"line":172,"column":15},"end":{"line":172,"column":59}},"type":"binary-expr","locations":[{"start":{"line":172,"column":15},"end":{"line":172,"column":35}},{"start":{"line":172,"column":39},"end":{"line":172,"column":59}}],"line":172},"20":{"loc":{"start":{"line":206,"column":4},"end":{"line":208,"column":5}},"type":"if","locations":[{"start":{"line":206,"column":4},"end":{"line":208,"column":5}},{"start":{},"end":{}}],"line":206},"21":{"loc":{"start":{"line":206,"column":8},"end":{"line":206,"column":25}},"type":"binary-expr","locations":[{"start":{"line":206,"column":8},"end":{"line":206,"column":13}},{"start":{"line":206,"column":17},"end":{"line":206,"column":25}}],"line":206},"22":{"loc":{"start":{"line":219,"column":14},"end":{"line":219,"column":36}},"type":"binary-expr","locations":[{"start":{"line":219,"column":14},"end":{"line":219,"column":24}},{"start":{"line":219,"column":28},"end":{"line":219,"column":36}}],"line":219},"23":{"loc":{"start":{"line":219,"column":40},"end":{"line":219,"column":57}},"type":"binary-expr","locations":[{"start":{"line":219,"column":40},"end":{"line":219,"column":47}},{"start":{"line":219,"column":51},"end":{"line":219,"column":57}}],"line":219}},"s":{"0":1,"1":1,"2":1,"3":1,"4":1,"5":1,"6":0,"7":0,"8":0,"9":0,"10":0,"11":0,"12":0,"13":0,"14":0,"15":0,"16":0,"17":0,"18":0,"19":0,"20":0,"21":0,"22":0,"23":0,"24":0,"25":0,"26":0,"27":0,"28":0,"29":0,"30":0,"31":0,"32":0,"33":0,"34":0,"35":0,"36":0,"37":0,"38":0,"39":0,"40":0,"41":0,"42":0,"43":0,"44":0,"45":0,"46":0,"47":0,"48":0,"49":0,"50":0},"f":{"0":1,"1":0,"2":0,"3":0,"4":0,"5":0,"6":0,"7":0},"b":{"0":[0,1],"1":[0,0],"2":[0,0],"3":[0,0],"4":[0],"5":[0,0],"6":[0],"7":[0,0],"8":[0,0],"9":[0,0],"10":[0,0],"11":[0,0],"12":[0],"13":[0,0],"14":[0,0],"15":[0,0],"16":[0,0],"17":[0,0],"18":[0,0],"19":[0,0],"20":[0,0],"21":[0,0],"22":[0,0],"23":[0,0]},"inputSourceMap":null,"_coverageSchema":"1a1c01bbd47fc00a2c39e90264f33305004495a9","hash":"4171e0b69334403a1ae5e6674e4b8b17f1e92791"}
,"C:\\Users\\Administrator\\Documents\\GitHub\\API-BD\\multi-proyecto-api\\src\\utils\\email.js": {"path":"C:\\Users\\Administrator\\Documents\\GitHub\\API-BD\\multi-proyecto-api\\src\\utils\\email.js","statementMap":{"0":{"start":{"line":8,"column":19},"end":{"line":8,"column":49}},"1":{"start":{"line":9,"column":18},"end":{"line":9,"column":42}},"2":{"start":{"line":12,"column":21},"end":{"line":12,"column":66}},"3":{"start":{"line":15,"column":18},"end":{"line":15,"column":20}},"4":{"start":{"line":18,"column":22},"end":{"line":37,"column":1}},"5":{"start":{"line":19,"column":2},"end":{"line":36,"column":3}},"6":{"start":{"line":20,"column":26},"end":{"line":20,"column":54}},"7":{"start":{"line":22,"column":4},"end":{"line":31,"column":5}},"8":{"start":{"line":23,"column":6},"end":{"line":30,"column":7}},"9":{"start":{"line":24,"column":29},"end":{"line":24,"column":56}},"10":{"start":{"line":25,"column":29},"end":{"line":25,"column":58}},"11":{"start":{"line":26,"column":32},"end":{"line":26,"column":69}},"12":{"start":{"line":29,"column":8},"end":{"line":29,"column":70}},"13":{"start":{"line":33,"column":4},"end":{"line":33,"column":75}},"14":{"start":{"line":35,"column":4},"end":{"line":35,"column":58}},"15":{"start":{"line":40,"column":20},"end":{"line":52,"column":2}},"16":{"start":{"line":55,"column":0},"end":{"line":61,"column":3}},"17":{"start":{"line":56,"column":2},"end":{"line":60,"column":3}},"18":{"start":{"line":57,"column":4},"end":{"line":57,"column":61}},"19":{"start":{"line":59,"column":4},"end":{"line":59,"column":55}},"20":{"start":{"line":64,"column":20},"end":{"line":64,"column":130}},"21":{"start":{"line":81,"column":25},"end":{"line":144,"column":1}},"22":{"start":{"line":82,"column":2},"end":{"line":143,"column":3}},"23":{"start":{"line":94,"column":8},"end":{"line":94,"column":15}},"24":{"start":{"line":97,"column":22},"end":{"line":97,"column":26}},"25":{"start":{"line":98,"column":4},"end":{"line":113,"column":5}},"26":{"start":{"line":99,"column":6},"end":{"line":101,"column":7}},"27":{"start":{"line":100,"column":8},"end":{"line":100,"column":66}},"28":{"start":{"line":104,"column":30},"end":{"line":110,"column":7}},"29":{"start":{"line":112,"column":6},"end":{"line":112,"column":57}},"30":{"start":{"line":115,"column":24},"end":{"line":124,"column":5}},"31":{"start":{"line":126,"column":17},"end":{"line":126,"column":56}},"32":{"start":{"line":128,"column":4},"end":{"line":128,"column":74}},"33":{"start":{"line":130,"column":4},"end":{"line":134,"column":6}},"34":{"start":{"line":136,"column":4},"end":{"line":136,"column":48}},"35":{"start":{"line":138,"column":4},"end":{"line":142,"column":6}},"36":{"start":{"line":153,"column":37},"end":{"line":166,"column":1}},"37":{"start":{"line":154,"column":26},"end":{"line":154,"column":105}},"38":{"start":{"line":156,"column":2},"end":{"line":165,"column":5}},"39":{"start":{"line":175,"column":38},"end":{"line":188,"column":1}},"40":{"start":{"line":176,"column":19},"end":{"line":176,"column":100}},"41":{"start":{"line":178,"column":2},"end":{"line":187,"column":5}},"42":{"start":{"line":199,"column":37},"end":{"line":211,"column":1}},"43":{"start":{"line":200,"column":2},"end":{"line":210,"column":5}},"44":{"start":{"line":214,"column":0},"end":{"line":216,"column":3}},"45":{"start":{"line":215,"column":2},"end":{"line":215,"column":57}},"46":{"start":{"line":219,"column":0},"end":{"line":219,"column":51}},"47":{"start":{"line":219,"column":42},"end":{"line":219,"column":49}},"48":{"start":{"line":220,"column":0},"end":{"line":220,"column":52}},"49":{"start":{"line":220,"column":43},"end":{"line":220,"column":50}},"50":{"start":{"line":221,"column":0},"end":{"line":221,"column":81}},"51":{"start":{"line":221,"column":44},"end":{"line":221,"column":79}},"52":{"start":{"line":222,"column":0},"end":{"line":222,"column":81}},"53":{"start":{"line":222,"column":44},"end":{"line":222,"column":79}},"54":{"start":{"line":223,"column":0},"end":{"line":223,"column":81}},"55":{"start":{"line":223,"column":48},"end":{"line":223,"column":79}}},"fnMap":{"0":{"name":"(anonymous_0)","decl":{"start":{"line":18,"column":22},"end":{"line":18,"column":23}},"loc":{"start":{"line":18,"column":34},"end":{"line":37,"column":1}},"line":18},"1":{"name":"(anonymous_1)","decl":{"start":{"line":55,"column":19},"end":{"line":55,"column":20}},"loc":{"start":{"line":55,"column":30},"end":{"line":61,"column":1}},"line":55},"2":{"name":"(anonymous_2)","decl":{"start":{"line":81,"column":25},"end":{"line":81,"column":26}},"loc":{"start":{"line":81,"column":44},"end":{"line":144,"column":1}},"line":81},"3":{"name":"(anonymous_3)","decl":{"start":{"line":153,"column":37},"end":{"line":153,"column":38}},"loc":{"start":{"line":153,"column":64},"end":{"line":166,"column":1}},"line":153},"4":{"name":"(anonymous_4)","decl":{"start":{"line":175,"column":38},"end":{"line":175,"column":39}},"loc":{"start":{"line":175,"column":65},"end":{"line":188,"column":1}},"line":175},"5":{"name":"(anonymous_5)","decl":{"start":{"line":199,"column":37},"end":{"line":199,"column":38}},"loc":{"start":{"line":199,"column":101},"end":{"line":211,"column":1}},"line":199},"6":{"name":"(anonymous_6)","decl":{"start":{"line":214,"column":22},"end":{"line":214,"column":23}},"loc":{"start":{"line":214,"column":31},"end":{"line":216,"column":1}},"line":214},"7":{"name":"(anonymous_7)","decl":{"start":{"line":219,"column":32},"end":{"line":219,"column":33}},"loc":{"start":{"line":219,"column":42},"end":{"line":219,"column":49}},"line":219},"8":{"name":"(anonymous_8)","decl":{"start":{"line":220,"column":33},"end":{"line":220,"column":34}},"loc":{"start":{"line":220,"column":43},"end":{"line":220,"column":50}},"line":220},"9":{"name":"(anonymous_9)","decl":{"start":{"line":221,"column":34},"end":{"line":221,"column":35}},"loc":{"start":{"line":221,"column":44},"end":{"line":221,"column":79}},"line":221},"10":{"name":"(anonymous_10)","decl":{"start":{"line":222,"column":34},"end":{"line":222,"column":35}},"loc":{"start":{"line":222,"column":44},"end":{"line":222,"column":79}},"line":222},"11":{"name":"(anonymous_11)","decl":{"start":{"line":223,"column":38},"end":{"line":223,"column":39}},"loc":{"start":{"line":223,"column":48},"end":{"line":223,"column":79}},"line":223}},"branchMap":{"0":{"loc":{"start":{"line":23,"column":6},"end":{"line":30,"column":7}},"type":"if","locations":[{"start":{"line":23,"column":6},"end":{"line":30,"column":7}},{"start":{},"end":{}}],"line":23},"1":{"loc":{"start":{"line":42,"column":17},"end":{"line":42,"column":47}},"type":"binary-expr","locations":[{"start":{"line":42,"column":17},"end":{"line":42,"column":38}},{"start":{"line":42,"column":42},"end":{"line":42,"column":47}}],"line":42},"2":{"loc":{"start":{"line":56,"column":2},"end":{"line":60,"column":3}},"type":"if","locations":[{"start":{"line":56,"column":2},"end":{"line":60,"column":3}},{"start":{"line":58,"column":9},"end":{"line":60,"column":3}}],"line":56},"3":{"loc":{"start":{"line":64,"column":24},"end":{"line":64,"column":74}},"type":"binary-expr","locations":[{"start":{"line":64,"column":24},"end":{"line":64,"column":51}},{"start":{"line":64,"column":55},"end":{"line":64,"column":74}}],"line":64},"4":{"loc":{"start":{"line":64,"column":80},"end":{"line":64,"column":127}},"type":"binary-expr","locations":[{"start":{"line":64,"column":80},"end":{"line":64,"column":102}},{"start":{"line":64,"column":106},"end":{"line":64,"column":127}}],"line":64},"5":{"loc":{"start":{"line":89,"column":6},"end":{"line":89,"column":18}},"type":"default-arg","locations":[{"start":{"line":89,"column":16},"end":{"line":89,"column":18}}],"line":89},"6":{"loc":{"start":{"line":92,"column":6},"end":{"line":92,"column":24}},"type":"default-arg","locations":[{"start":{"line":92,"column":13},"end":{"line":92,"column":24}}],"line":92},"7":{"loc":{"start":{"line":98,"column":4},"end":{"line":113,"column":5}},"type":"if","locations":[{"start":{"line":98,"column":4},"end":{"line":113,"column":5}},{"start":{},"end":{}}],"line":98},"8":{"loc":{"start":{"line":99,"column":6},"end":{"line":101,"column":7}},"type":"if","locations":[{"start":{"line":99,"column":6},"end":{"line":101,"column":7}},{"start":{},"end":{}}],"line":99},"9":{"loc":{"start":{"line":107,"column":17},"end":{"line":107,"column":60}},"type":"binary-expr","locations":[{"start":{"line":107,"column":17},"end":{"line":107,"column":37}},{"start":{"line":107,"column":41},"end":{"line":107,"column":60}}],"line":107},"10":{"loc":{"start":{"line":108,"column":16},"end":{"line":108,"column":60}},"type":"binary-expr","locations":[{"start":{"line":108,"column":16},"end":{"line":108,"column":35}},{"start":{"line":108,"column":39},"end":{"line":108,"column":60}}],"line":108},"11":{"loc":{"start":{"line":109,"column":22},"end":{"line":109,"column":72}},"type":"binary-expr","locations":[{"start":{"line":109,"column":22},"end":{"line":109,"column":47}},{"start":{"line":109,"column":51},"end":{"line":109,"column":72}}],"line":109},"12":{"loc":{"start":{"line":154,"column":29},"end":{"line":154,"column":75}},"type":"binary-expr","locations":[{"start":{"line":154,"column":29},"end":{"line":154,"column":48}},{"start":{"line":154,"column":52},"end":{"line":154,"column":75}}],"line":154},"13":{"loc":{"start":{"line":176,"column":22},"end":{"line":176,"column":68}},"type":"binary-expr","locations":[{"start":{"line":176,"column":22},"end":{"line":176,"column":41}},{"start":{"line":176,"column":45},"end":{"line":176,"column":68}}],"line":176},"14":{"loc":{"start":{"line":199,"column":80},"end":{"line":199,"column":96}},"type":"default-arg","locations":[{"start":{"line":199,"column":92},"end":{"line":199,"column":96}}],"line":199},"15":{"loc":{"start":{"line":208,"column":17},"end":{"line":208,"column":102}},"type":"binary-expr","locations":[{"start":{"line":208,"column":17},"end":{"line":208,"column":26}},{"start":{"line":208,"column":30},"end":{"line":208,"column":102}}],"line":208},"16":{"loc":{"start":{"line":208,"column":33},"end":{"line":208,"column":79}},"type":"binary-expr","locations":[{"start":{"line":208,"column":33},"end":{"line":208,"column":52}},{"start":{"line":208,"column":56},"end":{"line":208,"column":79}}],"line":208}},"s":{"0":1,"1":1,"2":1,"3":1,"4":1,"5":1,"6":1,"7":1,"8":3,"9":3,"10":3,"11":3,"12":3,"13":1,"14":0,"15":1,"16":1,"17":0,"18":0,"19":0,"20":1,"21":1,"22":0,"23":0,"24":0,"25":0,"26":0,"27":0,"28":0,"29":0,"30":0,"31":0,"32":0,"33":0,"34":0,"35":0,"36":1,"37":0,"38":0,"39":1,"40":0,"41":0,"42":1,"43":0,"44":1,"45":0,"46":1,"47":0,"48":1,"49":0,"50":1,"51":0,"52":1,"53":0,"54":1,"55":0},"f":{"0":1,"1":0,"2":0,"3":0,"4":0,"5":0,"6":0,"7":0,"8":0,"9":0,"10":0,"11":0},"b":{"0":[3,0],"1":[1,1],"2":[0,0],"3":[1,1],"4":[1,1],"5":[0],"6":[0],"7":[0,0],"8":[0,0],"9":[0,0],"10":[0,0],"11":[0,0],"12":[0,0],"13":[0,0],"14":[0],"15":[0,0],"16":[0,0]},"inputSourceMap":null,"_coverageSchema":"1a1c01bbd47fc00a2c39e90264f33305004495a9","hash":"41e7f1b6bfa9bbfa3fa7fb54aa5608ea93938a58"}
,"C:\\Users\\Administrator\\Documents\\GitHub\\API-BD\\multi-proyecto-api\\src\\utils\\logger.js": {"path":"C:\\Users\\Administrator\\Documents\\GitHub\\API-BD\\multi-proyecto-api\\src\\utils\\logger.js","statementMap":{"0":{"start":{"line":6,"column":19},"end":{"line":6,"column":49}},"1":{"start":{"line":7,"column":18},"end":{"line":7,"column":42}},"2":{"start":{"line":10,"column":15},"end":{"line":16,"column":1}},"3":{"start":{"line":19,"column":15},"end":{"line":25,"column":1}},"4":{"start":{"line":28,"column":0},"end":{"line":28,"column":26}},"5":{"start":{"line":31,"column":15},"end":{"line":37,"column":1}},"6":{"start":{"line":35,"column":14},"end":{"line":35,"column":66}},"7":{"start":{"line":40,"column":14},"end":{"line":44,"column":1}},"8":{"start":{"line":41,"column":14},"end":{"line":41,"column":51}},"9":{"start":{"line":42,"column":24},"end":{"line":42,"column":45}},"10":{"start":{"line":43,"column":2},"end":{"line":43,"column":42}},"11":{"start":{"line":47,"column":19},"end":{"line":72,"column":1}},"12":{"start":{"line":75,"column":15},"end":{"line":81,"column":2}},"13":{"start":{"line":84,"column":0},"end":{"line":86,"column":3}},"14":{"start":{"line":85,"column":2},"end":{"line":85,"column":15}},"15":{"start":{"line":89,"column":0},"end":{"line":93,"column":2}},"16":{"start":{"line":91,"column":4},"end":{"line":91,"column":32}}},"fnMap":{"0":{"name":"(anonymous_0)","decl":{"start":{"line":35,"column":4},"end":{"line":35,"column":5}},"loc":{"start":{"line":35,"column":14},"end":{"line":35,"column":66}},"line":35},"1":{"name":"(anonymous_1)","decl":{"start":{"line":40,"column":14},"end":{"line":40,"column":15}},"loc":{"start":{"line":40,"column":20},"end":{"line":44,"column":1}},"line":40},"2":{"name":"(anonymous_2)","decl":{"start":{"line":84,"column":33},"end":{"line":84,"column":34}},"loc":{"start":{"line":84,"column":45},"end":{"line":86,"column":1}},"line":84},"3":{"name":"(anonymous_3)","decl":{"start":{"line":90,"column":9},"end":{"line":90,"column":10}},"loc":{"start":{"line":90,"column":22},"end":{"line":92,"column":3}},"line":90}},"branchMap":{"0":{"loc":{"start":{"line":41,"column":14},"end":{"line":41,"column":51}},"type":"binary-expr","locations":[{"start":{"line":41,"column":14},"end":{"line":41,"column":34}},{"start":{"line":41,"column":38},"end":{"line":41,"column":51}}],"line":41},"1":{"loc":{"start":{"line":43,"column":9},"end":{"line":43,"column":41}},"type":"cond-expr","locations":[{"start":{"line":43,"column":25},"end":{"line":43,"column":32}},{"start":{"line":43,"column":35},"end":{"line":43,"column":41}}],"line":43}},"s":{"0":1,"1":1,"2":1,"3":1,"4":1,"5":1,"6":1,"7":1,"8":1,"9":1,"10":1,"11":1,"12":1,"13":1,"14":0,"15":1,"16":0},"f":{"0":1,"1":1,"2":0,"3":0},"b":{"0":[1,0],"1":[0,1]},"inputSourceMap":null,"_coverageSchema":"1a1c01bbd47fc00a2c39e90264f33305004495a9","hash":"dae719dbbd9fd21cdd08fed5d0085e698e38f061"}
}
