TN:
SF:src\app.js
FN:20,createApp
FN:64,(anonymous_1)
FN:102,(anonymous_2)
FNF:3
FNH:2
FNDA:1,createApp
FNDA:1,(anonymous_1)
FNDA:0,(anonymous_2)
DA:21,1
DA:22,1
DA:24,1
DA:27,1
DA:30,1
DA:33,1
DA:39,1
DA:42,1
DA:54,1
DA:57,1
DA:60,1
DA:61,1
DA:64,1
DA:65,1
DA:73,1
DA:74,1
DA:75,1
DA:77,0
DA:81,1
DA:84,1
DA:87,1
DA:88,1
DA:89,1
DA:92,1
DA:95,1
DA:98,1
DA:99,0
DA:102,0
DA:103,0
DA:108,1
DA:111,1
DA:113,1
LF:32
LH:28
BRDA:34,0,0,0
BRDA:34,0,1,1
BRDA:44,1,0,0
BRDA:44,1,1,1
BRDA:57,2,0,0
BRDA:57,2,1,1
BRDA:68,3,0,1
BRDA:68,3,1,0
BRDA:98,4,0,0
BRDA:98,4,1,1
BRF:10
BRH:5
end_of_record
TN:
SF:src\config\database.js
FN:68,(anonymous_0)
FN:71,(anonymous_1)
FNF:2
FNH:0
FNDA:0,(anonymous_0)
FNDA:0,(anonymous_1)
DA:5,1
DA:7,1
DA:10,1
DA:59,1
DA:62,1
DA:65,1
DA:66,1
DA:67,0
DA:69,0
DA:72,0
DA:75,0
DA:76,0
DA:78,0
LF:13
LH:7
BRDA:7,0,0,1
BRDA:7,0,1,0
BRDA:13,1,0,1
BRDA:13,1,1,1
BRDA:14,2,0,1
BRDA:14,2,1,0
BRDA:15,3,0,1
BRDA:15,3,1,0
BRDA:16,4,0,1
BRDA:16,4,1,0
BRDA:17,5,0,1
BRDA:17,5,1,0
BRDA:18,6,0,1
BRDA:18,6,1,0
BRDA:35,7,0,1
BRDA:35,7,1,1
BRDA:36,8,0,1
BRDA:36,8,1,1
BRDA:37,9,0,1
BRDA:37,9,1,1
BRDA:38,10,0,1
BRDA:38,10,1,1
BRDA:39,11,0,1
BRDA:39,11,1,1
BRDA:40,12,0,1
BRDA:40,12,1,1
BRDA:65,13,0,1
BRDA:65,13,1,0
BRDA:66,14,0,0
BRDA:66,14,1,1
BRDA:75,15,0,0
BRDA:75,15,1,0
BRF:32
BRH:22
end_of_record
TN:
SF:src\middleware\auth.js
FN:7,(anonymous_0)
FN:54,(anonymous_1)
FN:55,(anonymous_2)
FN:111,(anonymous_3)
FN:152,(anonymous_4)
FN:164,(anonymous_5)
FNF:6
FNH:1
FNDA:0,(anonymous_0)
FNDA:10,(anonymous_1)
FNDA:0,(anonymous_2)
FNDA:0,(anonymous_3)
FNDA:0,(anonymous_4)
FNDA:0,(anonymous_5)
DA:7,1
DA:8,0
DA:10,0
DA:11,0
DA:12,0
DA:18,0
DA:19,0
DA:20,0
DA:27,0
DA:30,0
DA:31,0
DA:32,0
DA:39,0
DA:40,0
DA:42,0
DA:43,0
DA:54,1
DA:55,10
DA:56,0
DA:57,0
DA:58,0
DA:60,0
DA:61,0
DA:68,0
DA:74,0
DA:75,0
DA:82,0
DA:88,0
DA:89,0
DA:96,0
DA:97,0
DA:99,0
DA:100,0
DA:111,1
DA:112,0
DA:113,0
DA:114,0
DA:115,0
DA:123,0
DA:124,0
DA:130,0
DA:131,0
DA:138,0
DA:139,0
DA:141,0
DA:142,0
DA:152,1
DA:153,0
DA:154,0
DA:156,0
DA:157,0
DA:161,0
DA:165,0
DA:168,0
DA:169,0
DA:176,0
DA:177,0
DA:179,0
DA:180,0
LF:59
LH:5
BRDA:11,0,0,0
BRDA:11,0,1,0
BRDA:11,1,0,0
BRDA:11,1,1,0
BRDA:19,2,0,0
BRDA:19,2,1,0
BRDA:31,3,0,0
BRDA:31,3,1,0
BRDA:31,4,0,0
BRDA:31,4,1,0
BRDA:54,5,0,0
BRDA:60,6,0,0
BRDA:60,6,1,0
BRDA:74,7,0,0
BRDA:74,7,1,0
BRDA:88,8,0,0
BRDA:88,8,1,0
BRDA:114,9,0,0
BRDA:114,9,1,0
BRDA:130,10,0,0
BRDA:130,10,1,0
BRDA:154,11,0,0
BRDA:154,11,1,0
BRDA:156,12,0,0
BRDA:156,12,1,0
BRDA:168,13,0,0
BRDA:168,13,1,0
BRF:27
BRH:0
end_of_record
TN:
SF:src\middleware\error.js
FN:5,(anonymous_0)
FN:22,(anonymous_1)
FN:31,(anonymous_2)
FN:43,(anonymous_3)
FN:150,(anonymous_4)
FN:150,(anonymous_5)
FN:157,(anonymous_6)
FNF:7
FNH:0
FNDA:0,(anonymous_0)
FNDA:0,(anonymous_1)
FNDA:0,(anonymous_2)
FNDA:0,(anonymous_3)
FNDA:0,(anonymous_4)
FNDA:0,(anonymous_5)
FNDA:0,(anonymous_6)
DA:6,0
DA:7,0
DA:8,0
DA:9,0
DA:11,0
DA:12,0
DA:14,0
DA:22,1
DA:23,0
DA:24,0
DA:25,0
DA:31,1
DA:33,0
DA:34,0
DA:35,0
DA:36,0
DA:39,0
DA:41,0
DA:42,0
DA:43,0
DA:48,0
DA:50,0
DA:51,0
DA:52,0
DA:57,0
DA:59,0
DA:60,0
DA:61,0
DA:63,0
DA:64,0
DA:65,0
DA:67,0
DA:68,0
DA:69,0
DA:70,0
DA:71,0
DA:76,0
DA:78,0
DA:79,0
DA:80,0
DA:85,0
DA:87,0
DA:88,0
DA:89,0
DA:91,0
DA:92,0
DA:93,0
DA:97,0
DA:99,0
DA:100,0
DA:101,0
DA:108,0
DA:109,0
DA:118,0
DA:119,0
DA:135,0
DA:150,1
DA:151,0
DA:157,1
DA:158,0
DA:159,0
DA:160,0
LF:62
LH:4
BRDA:5,0,0,0
BRDA:5,1,0,0
BRDA:11,2,0,0
BRDA:11,2,1,0
BRDA:33,3,0,0
BRDA:33,3,1,0
BRDA:39,4,0,0
BRDA:39,4,1,0
BRDA:48,5,0,0
BRDA:48,5,1,0
BRDA:57,6,0,0
BRDA:57,6,1,0
BRDA:61,7,0,0
BRDA:61,7,1,0
BRDA:65,8,0,0
BRDA:65,8,1,0
BRDA:70,9,0,0
BRDA:70,9,1,0
BRDA:76,10,0,0
BRDA:76,10,1,0
BRDA:85,11,0,0
BRDA:85,11,1,0
BRDA:89,12,0,0
BRDA:89,12,1,0
BRDA:97,13,0,0
BRDA:97,13,1,0
BRDA:108,14,0,0
BRDA:108,14,1,0
BRDA:113,15,0,0
BRDA:113,15,1,0
BRDA:118,16,0,0
BRDA:118,16,1,0
BRDA:118,17,0,0
BRDA:118,17,1,0
BRDA:129,18,0,0
BRDA:129,18,1,0
BRDA:138,19,0,0
BRDA:138,19,1,0
BRDA:139,20,0,0
BRDA:139,20,1,0
BRF:40
BRH:0
end_of_record
TN:
SF:src\models\BaseModel.js
FN:9,(anonymous_0)
FN:14,(anonymous_1)
FN:19,(anonymous_2)
FN:22,(anonymous_3)
FN:35,(anonymous_4)
FN:40,(anonymous_5)
FN:47,(anonymous_6)
FN:52,(anonymous_7)
FN:57,(anonymous_8)
FN:63,(anonymous_9)
FNF:10
FNH:0
FNDA:0,(anonymous_0)
FNDA:0,(anonymous_1)
FNDA:0,(anonymous_2)
FNDA:0,(anonymous_3)
FNDA:0,(anonymous_4)
FNDA:0,(anonymous_5)
FNDA:0,(anonymous_6)
FNDA:0,(anonymous_7)
FNDA:0,(anonymous_8)
FNDA:0,(anonymous_9)
DA:5,1
DA:10,0
DA:15,0
DA:20,0
DA:23,0
DA:24,0
DA:25,0
DA:27,0
DA:28,0
DA:31,0
DA:36,0
DA:41,0
DA:48,0
DA:49,0
DA:53,0
DA:58,0
DA:59,0
DA:65,0
DA:68,0
DA:74,0
DA:77,0
DA:83,0
LF:22
LH:1
BRDA:23,0,0,0
BRDA:23,0,1,0
BRDA:24,1,0,0
BRDA:24,1,1,0
BRDA:27,2,0,0
BRDA:27,2,1,0
BRDA:65,3,0,0
BRDA:65,3,1,0
BRDA:74,4,0,0
BRDA:74,4,1,0
BRF:10
BRH:0
end_of_record
TN:
SF:src\models\Project.js
FN:15,(anonymous_0)
FN:19,(anonymous_1)
FN:23,(anonymous_2)
FN:91,(anonymous_3)
FN:153,(anonymous_4)
FN:174,(anonymous_5)
FN:192,(anonymous_6)
FN:236,(anonymous_7)
FN:253,(anonymous_8)
FN:265,(anonymous_9)
FN:296,(anonymous_10)
FN:324,(anonymous_11)
FN:343,(anonymous_12)
FN:378,(anonymous_13)
FN:383,(anonymous_14)
FN:391,(anonymous_15)
FN:429,(anonymous_16)
FN:457,(anonymous_17)
FN:459,(anonymous_18)
FN:460,(anonymous_19)
FN:464,(anonymous_20)
FN:475,(anonymous_21)
FN:477,(anonymous_22)
FN:478,(anonymous_23)
FN:482,(anonymous_24)
FN:497,(anonymous_25)
FN:501,(anonymous_26)
FN:545,(anonymous_27)
FN:562,(anonymous_28)
FNF:29
FNH:0
FNDA:0,(anonymous_0)
FNDA:0,(anonymous_1)
FNDA:0,(anonymous_2)
FNDA:0,(anonymous_3)
FNDA:0,(anonymous_4)
FNDA:0,(anonymous_5)
FNDA:0,(anonymous_6)
FNDA:0,(anonymous_7)
FNDA:0,(anonymous_8)
FNDA:0,(anonymous_9)
FNDA:0,(anonymous_10)
FNDA:0,(anonymous_11)
FNDA:0,(anonymous_12)
FNDA:0,(anonymous_13)
FNDA:0,(anonymous_14)
FNDA:0,(anonymous_15)
FNDA:0,(anonymous_16)
FNDA:0,(anonymous_17)
FNDA:0,(anonymous_18)
FNDA:0,(anonymous_19)
FNDA:0,(anonymous_20)
FNDA:0,(anonymous_21)
FNDA:0,(anonymous_22)
FNDA:0,(anonymous_23)
FNDA:0,(anonymous_24)
FNDA:0,(anonymous_25)
FNDA:0,(anonymous_26)
FNDA:0,(anonymous_27)
FNDA:0,(anonymous_28)
DA:8,1
DA:16,0
DA:20,0
DA:24,0
DA:92,0
DA:154,0
DA:155,0
DA:156,0
DA:160,0
DA:161,0
DA:164,0
DA:165,0
DA:169,0
DA:170,0
DA:175,0
DA:176,0
DA:177,0
DA:193,0
DA:195,0
DA:196,0
DA:200,0
DA:225,0
DA:227,0
DA:237,0
DA:241,0
DA:243,0
DA:249,0
DA:254,0
DA:266,0
DA:267,0
DA:268,0
DA:272,0
DA:276,0
DA:278,0
DA:283,0
DA:290,0
DA:298,0
DA:302,0
DA:303,0
DA:307,0
DA:308,0
DA:312,0
DA:325,0
DA:334,0
DA:344,0
DA:347,0
DA:350,0
DA:355,0
DA:360,0
DA:367,0
DA:378,0
DA:383,0
DA:391,0
DA:402,0
DA:411,0
DA:420,0
DA:430,0
DA:432,0
DA:433,0
DA:436,0
DA:453,0
DA:455,0
DA:457,0
DA:459,0
DA:460,0
DA:463,0
DA:465,0
DA:471,0
DA:473,0
DA:475,0
DA:477,0
DA:478,0
DA:481,0
DA:482,0
DA:494,0
DA:496,0
DA:497,0
DA:500,0
DA:501,0
DA:511,0
DA:521,0
DA:523,0
DA:532,0
DA:533,0
DA:534,0
DA:546,0
DA:563,0
DA:564,0
LF:88
LH:1
BRDA:155,0,0,0
BRDA:155,0,1,0
BRDA:155,1,0,0
BRDA:155,1,1,0
BRDA:160,2,0,0
BRDA:160,2,1,0
BRDA:164,3,0,0
BRDA:164,3,1,0
BRDA:169,4,0,0
BRDA:169,4,1,0
BRDA:176,5,0,0
BRDA:176,5,1,0
BRDA:176,6,0,0
BRDA:176,6,1,0
BRDA:192,7,0,0
BRDA:192,8,0,0
BRDA:192,9,0,0
BRDA:195,10,0,0
BRDA:195,10,1,0
BRDA:202,11,0,0
BRDA:202,11,1,0
BRDA:203,12,0,0
BRDA:203,12,1,0
BRDA:241,13,0,0
BRDA:241,13,1,0
BRDA:253,14,0,0
BRDA:253,15,0,0
BRDA:253,16,0,0
BRDA:265,17,0,0
BRDA:267,18,0,0
BRDA:267,18,1,0
BRDA:276,19,0,0
BRDA:276,19,1,0
BRDA:286,20,0,0
BRDA:286,20,1,0
BRDA:302,21,0,0
BRDA:302,21,1,0
BRDA:307,22,0,0
BRDA:307,22,1,0
BRDA:324,23,0,0
BRDA:343,24,0,0
BRDA:344,25,0,0
BRDA:415,26,0,0
BRDA:415,26,1,0
BRDA:433,27,0,0
BRDA:433,28,0,0
BRDA:433,29,0,0
BRDA:439,30,0,0
BRDA:439,30,1,0
BRDA:441,31,0,0
BRDA:441,31,1,0
BRDA:453,32,0,0
BRDA:453,32,1,0
BRDA:471,33,0,0
BRDA:471,33,1,0
BRDA:487,34,0,0
BRDA:487,34,1,0
BRDA:488,35,0,0
BRDA:488,35,1,0
BRDA:494,36,0,0
BRDA:494,36,1,0
BRDA:505,37,0,0
BRDA:505,37,1,0
BRDA:545,38,0,0
BRDA:545,39,0,0
BRDA:545,40,0,0
BRDA:562,41,0,0
BRDA:562,42,0,0
BRF:68
BRH:0
end_of_record
TN:
SF:src\models\ProjectActivity.js
FN:5,(anonymous_0)
FN:9,(anonymous_1)
FN:13,(anonymous_2)
FN:50,(anonymous_3)
FN:71,(anonymous_4)
FN:98,(anonymous_5)
FN:140,(anonymous_6)
FN:192,(anonymous_7)
FN:228,(anonymous_8)
FN:256,(anonymous_9)
FNF:10
FNH:0
FNDA:0,(anonymous_0)
FNDA:0,(anonymous_1)
FNDA:0,(anonymous_2)
FNDA:0,(anonymous_3)
FNDA:0,(anonymous_4)
FNDA:0,(anonymous_5)
FNDA:0,(anonymous_6)
FNDA:0,(anonymous_7)
FNDA:0,(anonymous_8)
FNDA:0,(anonymous_9)
DA:6,0
DA:10,0
DA:14,0
DA:51,0
DA:72,0
DA:74,0
DA:75,0
DA:78,0
DA:79,0
DA:82,0
DA:108,0
DA:119,0
DA:120,0
DA:121,0
DA:124,0
DA:152,0
DA:159,0
DA:160,0
DA:165,0
DA:166,0
DA:171,0
DA:172,0
DA:175,0
DA:176,0
DA:179,0
DA:180,0
DA:183,0
DA:193,0
DA:198,0
DA:199,0
DA:202,0
DA:203,0
DA:206,0
DA:207,0
DA:210,0
DA:211,0
DA:214,0
DA:215,0
DA:218,0
DA:229,0
DA:239,0
DA:240,0
DA:243,0
DA:244,0
DA:247,0
DA:250,0
DA:256,0
DA:258,0
DA:259,0
DA:261,0
DA:264,0
DA:265,0
DA:267,0
DA:270,0
DA:273,0
LF:55
LH:0
BRDA:74,0,0,0
BRDA:74,0,1,0
BRDA:78,1,0,0
BRDA:78,1,1,0
BRDA:103,2,0,0
BRDA:104,3,0,0
BRDA:105,4,0,0
BRDA:106,5,0,0
BRDA:119,6,0,0
BRDA:119,6,1,0
BRDA:120,7,0,0
BRDA:120,7,1,0
BRDA:142,8,0,0
BRDA:149,9,0,0
BRDA:150,10,0,0
BRDA:159,11,0,0
BRDA:159,11,1,0
BRDA:160,12,0,0
BRDA:160,12,1,0
BRDA:165,13,0,0
BRDA:165,13,1,0
BRDA:166,14,0,0
BRDA:166,14,1,0
BRDA:171,15,0,0
BRDA:171,15,1,0
BRDA:175,16,0,0
BRDA:175,16,1,0
BRDA:179,17,0,0
BRDA:179,17,1,0
BRDA:192,18,0,0
BRDA:192,19,0,0
BRDA:198,20,0,0
BRDA:198,20,1,0
BRDA:202,21,0,0
BRDA:202,21,1,0
BRDA:206,22,0,0
BRDA:206,22,1,0
BRDA:210,23,0,0
BRDA:210,23,1,0
BRDA:214,24,0,0
BRDA:214,24,1,0
BRDA:228,25,0,0
BRDA:228,26,0,0
BRDA:239,27,0,0
BRDA:239,27,1,0
BRDA:243,28,0,0
BRDA:243,28,1,0
BRDA:258,29,0,0
BRDA:258,29,1,0
BRDA:264,30,0,0
BRDA:264,30,1,0
BRF:51
BRH:0
end_of_record
TN:
SF:src\models\ProjectDatabase.js
FN:4,(anonymous_0)
FN:8,(anonymous_1)
FN:12,(anonymous_2)
FN:52,(anonymous_3)
FN:74,(anonymous_4)
FN:86,(anonymous_5)
FN:100,(anonymous_6)
FN:157,(anonymous_7)
FN:177,(anonymous_8)
FN:185,(anonymous_9)
FNF:10
FNH:0
FNDA:0,(anonymous_0)
FNDA:0,(anonymous_1)
FNDA:0,(anonymous_2)
FNDA:0,(anonymous_3)
FNDA:0,(anonymous_4)
FNDA:0,(anonymous_5)
FNDA:0,(anonymous_6)
FNDA:0,(anonymous_7)
FNDA:0,(anonymous_8)
FNDA:0,(anonymous_9)
DA:5,0
DA:9,0
DA:13,0
DA:53,0
DA:75,0
DA:77,0
DA:79,0
DA:87,0
DA:89,0
DA:91,0
DA:101,0
DA:104,0
DA:107,0
DA:109,0
DA:126,0
DA:139,0
DA:152,0
DA:158,0
DA:159,0
DA:161,0
DA:162,0
DA:164,0
DA:165,0
DA:166,0
DA:168,0
DA:178,0
DA:186,0
LF:27
LH:0
BRDA:77,0,0,0
BRDA:77,0,1,0
BRDA:89,1,0,0
BRDA:89,1,1,0
BRDA:89,2,0,0
BRDA:89,2,1,0
BRDA:107,3,0,0
BRDA:107,3,1,0
BRDA:107,3,2,0
BRDA:107,3,3,0
BRDA:113,4,0,0
BRDA:113,4,1,0
BRDA:117,5,0,0
BRDA:117,5,1,0
BRDA:130,6,0,0
BRDA:130,6,1,0
BRDA:134,7,0,0
BRDA:134,7,1,0
BRDA:142,8,0,0
BRDA:142,8,1,0
BRDA:146,9,0,0
BRDA:146,9,1,0
BRF:22
BRH:0
end_of_record
TN:
SF:src\models\ProjectMember.js
FN:65,(anonymous_0)
FN:69,(anonymous_1)
FN:73,(anonymous_2)
FN:83,(anonymous_3)
FN:105,(anonymous_4)
FN:134,(anonymous_5)
FN:154,(anonymous_6)
FN:163,(anonymous_7)
FN:164,(anonymous_8)
FN:173,(anonymous_9)
FN:188,(anonymous_10)
FN:198,(anonymous_11)
FN:207,(anonymous_12)
FN:224,(anonymous_13)
FN:261,(anonymous_14)
FN:297,(anonymous_15)
FN:341,(anonymous_16)
FN:372,(anonymous_17)
FN:405,(anonymous_18)
FN:425,(anonymous_19)
FN:432,(anonymous_20)
FN:433,(anonymous_21)
FN:445,(anonymous_22)
FN:449,(anonymous_23)
FN:450,(anonymous_24)
FNF:25
FNH:0
FNDA:0,(anonymous_0)
FNDA:0,(anonymous_1)
FNDA:0,(anonymous_2)
FNDA:0,(anonymous_3)
FNDA:0,(anonymous_4)
FNDA:0,(anonymous_5)
FNDA:0,(anonymous_6)
FNDA:0,(anonymous_7)
FNDA:0,(anonymous_8)
FNDA:0,(anonymous_9)
FNDA:0,(anonymous_10)
FNDA:0,(anonymous_11)
FNDA:0,(anonymous_12)
FNDA:0,(anonymous_13)
FNDA:0,(anonymous_14)
FNDA:0,(anonymous_15)
FNDA:0,(anonymous_16)
FNDA:0,(anonymous_17)
FNDA:0,(anonymous_18)
FNDA:0,(anonymous_19)
FNDA:0,(anonymous_20)
FNDA:0,(anonymous_21)
FNDA:0,(anonymous_22)
FNDA:0,(anonymous_23)
FNDA:0,(anonymous_24)
DA:7,1
DA:66,0
DA:70,0
DA:74,0
DA:83,0
DA:106,0
DA:135,0
DA:137,0
DA:138,0
DA:141,0
DA:142,0
DA:145,0
DA:146,0
DA:149,0
DA:150,0
DA:155,0
DA:156,0
DA:164,0
DA:165,0
DA:175,0
DA:176,0
DA:180,0
DA:189,0
DA:190,0
DA:194,0
DA:195,0
DA:198,0
DA:208,0
DA:233,0
DA:240,0
DA:241,0
DA:244,0
DA:245,0
DA:248,0
DA:270,0
DA:277,0
DA:278,0
DA:281,0
DA:282,0
DA:285,0
DA:299,0
DA:300,0
DA:301,0
DA:302,0
DA:306,0
DA:319,0
DA:343,0
DA:348,0
DA:350,0
DA:351,0
DA:355,0
DA:374,0
DA:375,0
DA:380,0
DA:382,0
DA:383,0
DA:388,0
DA:406,0
DA:412,0
DA:413,0
DA:417,0
DA:420,0
DA:421,0
DA:425,0
DA:433,0
DA:446,0
DA:449,0
DA:450,0
DA:451,0
DA:455,0
LF:70
LH:1
BRDA:137,0,0,0
BRDA:137,0,1,0
BRDA:141,1,0,0
BRDA:141,1,1,0
BRDA:149,2,0,0
BRDA:149,2,1,0
BRDA:149,3,0,0
BRDA:149,3,1,0
BRDA:165,4,0,0
BRDA:165,4,1,0
BRDA:175,5,0,0
BRDA:175,5,1,0
BRDA:189,6,0,0
BRDA:189,6,1,0
BRDA:194,7,0,0
BRDA:194,7,1,0
BRDA:226,8,0,0
BRDA:227,9,0,0
BRDA:229,10,0,0
BRDA:230,11,0,0
BRDA:240,12,0,0
BRDA:240,12,1,0
BRDA:244,13,0,0
BRDA:244,13,1,0
BRDA:263,14,0,0
BRDA:264,15,0,0
BRDA:266,16,0,0
BRDA:267,17,0,0
BRDA:277,18,0,0
BRDA:277,18,1,0
BRDA:281,19,0,0
BRDA:281,19,1,0
BRDA:297,20,0,0
BRDA:300,21,0,0
BRDA:300,21,1,0
BRDA:301,22,0,0
BRDA:301,22,1,0
BRDA:313,23,0,0
BRDA:313,23,1,0
BRDA:324,24,0,0
BRDA:324,24,1,0
BRDA:350,25,0,0
BRDA:350,25,1,0
BRDA:350,26,0,0
BRDA:350,26,1,0
BRDA:372,27,0,0
BRDA:374,28,0,0
BRDA:374,28,1,0
BRDA:382,29,0,0
BRDA:382,29,1,0
BRDA:382,30,0,0
BRDA:382,30,1,0
BRDA:393,31,0,0
BRDA:393,31,1,0
BRDA:412,32,0,0
BRDA:412,32,1,0
BRDA:417,33,0,0
BRDA:417,33,1,0
BRDA:420,34,0,0
BRDA:420,34,1,0
BRF:60
BRH:0
end_of_record
TN:
SF:src\models\ProjectTemplate.js
FN:6,(anonymous_0)
FN:10,(anonymous_1)
FN:14,(anonymous_2)
FN:91,(anonymous_3)
FN:120,(anonymous_4)
FN:133,(anonymous_5)
FN:148,(anonymous_6)
FN:185,(anonymous_7)
FN:213,(anonymous_8)
FN:225,(anonymous_9)
FN:250,(anonymous_10)
FN:284,(anonymous_11)
FNF:12
FNH:0
FNDA:0,(anonymous_0)
FNDA:0,(anonymous_1)
FNDA:0,(anonymous_2)
FNDA:0,(anonymous_3)
FNDA:0,(anonymous_4)
FNDA:0,(anonymous_5)
FNDA:0,(anonymous_6)
FNDA:0,(anonymous_7)
FNDA:0,(anonymous_8)
FNDA:0,(anonymous_9)
FNDA:0,(anonymous_10)
FNDA:0,(anonymous_11)
DA:7,0
DA:11,0
DA:15,0
DA:92,0
DA:121,0
DA:124,0
DA:125,0
DA:128,0
DA:129,0
DA:134,0
DA:135,0
DA:149,0
DA:152,0
DA:155,0
DA:156,0
DA:172,0
DA:175,0
DA:177,0
DA:189,0
DA:214,0
DA:226,0
DA:233,0
DA:237,0
DA:251,0
DA:254,0
DA:270,0
DA:276,0
DA:285,0
DA:286,0
DA:287,0
LF:30
LH:0
BRDA:124,0,0,0
BRDA:124,0,1,0
BRDA:128,1,0,0
BRDA:128,1,1,0
BRDA:148,2,0,0
BRDA:149,3,0,0
BRDA:149,4,0,0
BRDA:158,5,0,0
BRDA:158,5,1,0
BRDA:159,6,0,0
BRDA:159,6,1,0
BRDA:185,7,0,0
BRDA:213,8,0,0
BRDA:213,9,0,0
BRDA:213,10,0,0
BRDA:240,11,0,0
BRDA:240,11,1,0
BRDA:250,12,0,0
BRDA:257,13,0,0
BRDA:257,13,1,0
BRDA:258,14,0,0
BRDA:258,14,1,0
BRDA:259,15,0,0
BRDA:259,15,1,0
BRF:24
BRH:0
end_of_record
TN:
SF:src\models\ProjectVersion.js
FN:6,(anonymous_0)
FN:10,(anonymous_1)
FN:14,(anonymous_2)
FN:44,(anonymous_3)
FN:65,(anonymous_4)
FN:80,(anonymous_5)
FN:90,(anonymous_6)
FN:107,(anonymous_7)
FN:129,(anonymous_8)
FN:180,(anonymous_9)
FN:224,(anonymous_10)
FN:316,(anonymous_11)
FN:363,(anonymous_12)
FNF:13
FNH:0
FNDA:0,(anonymous_0)
FNDA:0,(anonymous_1)
FNDA:0,(anonymous_2)
FNDA:0,(anonymous_3)
FNDA:0,(anonymous_4)
FNDA:0,(anonymous_5)
FNDA:0,(anonymous_6)
FNDA:0,(anonymous_7)
FNDA:0,(anonymous_8)
FNDA:0,(anonymous_9)
FNDA:0,(anonymous_10)
FNDA:0,(anonymous_11)
FNDA:0,(anonymous_12)
DA:7,0
DA:11,0
DA:15,0
DA:45,0
DA:66,0
DA:68,0
DA:69,0
DA:72,0
DA:73,0
DA:76,0
DA:77,0
DA:81,0
DA:82,0
DA:91,0
DA:111,0
DA:130,0
DA:132,0
DA:134,0
DA:137,0
DA:138,0
DA:144,0
DA:145,0
DA:149,0
DA:165,0
DA:166,0
DA:168,0
DA:169,0
DA:170,0
DA:181,0
DA:183,0
DA:184,0
DA:187,0
DA:188,0
DA:192,0
DA:194,0
DA:195,0
DA:196,0
DA:197,0
DA:199,0
DA:200,0
DA:201,0
DA:204,0
DA:207,0
DA:209,0
DA:211,0
DA:225,0
DA:227,0
DA:229,0
DA:230,0
DA:231,0
DA:235,0
DA:236,0
DA:237,0
DA:238,0
DA:242,0
DA:243,0
DA:244,0
DA:247,0
DA:269,0
DA:289,0
DA:290,0
DA:294,0
DA:296,0
DA:298,0
DA:304,0
DA:305,0
DA:306,0
DA:317,0
DA:318,0
DA:319,0
DA:323,0
DA:324,0
DA:325,0
DA:326,0
DA:330,0
DA:331,0
DA:332,0
DA:339,0
DA:364,0
DA:391,0
LF:80
LH:0
BRDA:68,0,0,0
BRDA:68,0,1,0
BRDA:72,1,0,0
BRDA:72,1,1,0
BRDA:109,2,0,0
BRDA:109,3,0,0
BRDA:109,4,0,0
BRDA:109,5,0,0
BRDA:109,6,0,0
BRDA:129,7,0,0
BRDA:129,8,0,0
BRDA:129,9,0,0
BRDA:137,10,0,0
BRDA:137,10,1,0
BRDA:138,11,0,0
BRDA:138,11,1,0
BRDA:144,12,0,0
BRDA:144,12,1,0
BRDA:158,13,0,0
BRDA:158,13,1,0
BRDA:180,14,0,0
BRDA:181,15,0,0
BRDA:181,15,1,0
BRDA:192,16,0,0
BRDA:192,16,1,0
BRDA:192,16,2,0
BRDA:192,16,3,0
BRDA:230,17,0,0
BRDA:230,17,1,0
BRDA:237,18,0,0
BRDA:237,18,1,0
BRDA:243,19,0,0
BRDA:243,19,1,0
BRDA:243,20,0,0
BRDA:243,20,1,0
BRDA:244,21,0,0
BRDA:244,21,1,0
BRDA:255,22,0,0
BRDA:255,22,1,0
BRDA:273,23,0,0
BRDA:273,23,1,0
BRDA:273,24,0,0
BRDA:273,24,1,0
BRDA:274,25,0,0
BRDA:274,25,1,0
BRDA:277,26,0,0
BRDA:277,26,1,0
BRDA:289,27,0,0
BRDA:289,27,1,0
BRDA:316,28,0,0
BRDA:318,29,0,0
BRDA:318,29,1,0
BRDA:323,30,0,0
BRDA:323,30,1,0
BRDA:325,31,0,0
BRDA:325,31,1,0
BRDA:331,32,0,0
BRDA:331,32,1,0
BRDA:347,33,0,0
BRDA:347,33,1,0
BRF:60
BRH:0
end_of_record
TN:
SF:src\models\User.js
FN:7,(anonymous_0)
FN:11,(anonymous_1)
FN:15,(anonymous_2)
FN:42,(anonymous_3)
FN:61,(anonymous_4)
FN:69,(anonymous_5)
FN:78,(anonymous_6)
FN:84,(anonymous_7)
FN:89,(anonymous_8)
FN:102,(anonymous_9)
FN:111,(anonymous_10)
FN:113,(anonymous_11)
FN:140,(anonymous_12)
FN:148,(anonymous_13)
FN:171,(anonymous_14)
FN:191,(anonymous_15)
FN:214,(anonymous_16)
FN:245,(anonymous_17)
FN:268,(anonymous_18)
FN:270,(anonymous_19)
FN:297,(anonymous_20)
FNF:21
FNH:0
FNDA:0,(anonymous_0)
FNDA:0,(anonymous_1)
FNDA:0,(anonymous_2)
FNDA:0,(anonymous_3)
FNDA:0,(anonymous_4)
FNDA:0,(anonymous_5)
FNDA:0,(anonymous_6)
FNDA:0,(anonymous_7)
FNDA:0,(anonymous_8)
FNDA:0,(anonymous_9)
FNDA:0,(anonymous_10)
FNDA:0,(anonymous_11)
FNDA:0,(anonymous_12)
FNDA:0,(anonymous_13)
FNDA:0,(anonymous_14)
FNDA:0,(anonymous_15)
FNDA:0,(anonymous_16)
FNDA:0,(anonymous_17)
FNDA:0,(anonymous_18)
FNDA:0,(anonymous_19)
FNDA:0,(anonymous_20)
DA:8,0
DA:12,0
DA:16,0
DA:43,0
DA:62,0
DA:63,0
DA:64,0
DA:65,0
DA:70,0
DA:71,0
DA:72,0
DA:73,0
DA:79,0
DA:80,0
DA:85,0
DA:90,0
DA:96,0
DA:103,0
DA:112,0
DA:114,0
DA:120,0
DA:121,0
DA:124,0
DA:125,0
DA:126,0
DA:129,0
DA:130,0
DA:134,0
DA:136,0
DA:141,0
DA:149,0
DA:150,0
DA:153,0
DA:160,0
DA:167,0
DA:173,0
DA:178,0
DA:181,0
DA:182,0
DA:183,0
DA:185,0
DA:186,0
DA:192,0
DA:193,0
DA:196,0
DA:203,0
DA:210,0
DA:216,0
DA:221,0
DA:224,0
DA:225,0
DA:228,0
DA:237,0
DA:239,0
DA:240,0
DA:246,0
DA:248,0
DA:254,0
DA:260,0
DA:262,0
DA:263,0
DA:269,0
DA:271,0
DA:277,0
DA:278,0
DA:281,0
DA:282,0
DA:283,0
DA:286,0
DA:287,0
DA:291,0
DA:293,0
DA:299,0
DA:300,0
DA:303,0
DA:311,0
DA:313,0
LF:77
LH:0
BRDA:63,0,0,0
BRDA:63,0,1,0
BRDA:71,1,0,0
BRDA:71,1,1,0
BRDA:97,2,0,0
BRDA:97,2,1,0
BRDA:106,3,0,0
BRDA:106,3,1,0
BRDA:120,4,0,0
BRDA:120,4,1,0
BRDA:125,5,0,0
BRDA:125,5,1,0
BRDA:129,6,0,0
BRDA:129,6,1,0
BRDA:150,7,0,0
BRDA:150,7,1,0
BRDA:178,8,0,0
BRDA:178,8,1,0
BRDA:193,9,0,0
BRDA:193,9,1,0
BRDA:193,10,0,0
BRDA:193,10,1,0
BRDA:221,11,0,0
BRDA:221,11,1,0
BRDA:277,12,0,0
BRDA:277,12,1,0
BRDA:282,13,0,0
BRDA:282,13,1,0
BRDA:286,14,0,0
BRDA:286,14,1,0
BRF:30
BRH:0
end_of_record
TN:
SF:src\models\index.js
FNF:0
FNH:0
DA:2,1
LF:1
LH:1
BRF:0
BRH:0
end_of_record
TN:
SF:src\routes\auth.routes.js
FN:58,(anonymous_0)
FN:161,(anonymous_1)
FN:232,(anonymous_2)
FN:274,(anonymous_3)
FN:332,(anonymous_4)
FN:415,(anonymous_5)
FN:492,(anonymous_6)
FN:578,(anonymous_7)
FNF:8
FNH:0
FNDA:0,(anonymous_0)
FNDA:0,(anonymous_1)
FNDA:0,(anonymous_2)
FNDA:0,(anonymous_3)
FNDA:0,(anonymous_4)
FNDA:0,(anonymous_5)
FNDA:0,(anonymous_6)
FNDA:0,(anonymous_7)
DA:10,1
DA:51,1
DA:59,0
DA:61,0
DA:62,0
DA:63,0
DA:69,0
DA:72,0
DA:78,0
DA:79,0
DA:86,0
DA:98,0
DA:99,0
DA:106,0
DA:108,0
DA:117,0
DA:118,0
DA:155,1
DA:162,0
DA:163,0
DA:166,0
DA:172,0
DA:173,0
DA:179,0
DA:180,0
DA:187,0
DA:190,0
DA:191,0
DA:198,0
DA:200,0
DA:209,0
DA:210,0
DA:232,1
DA:233,0
DA:234,0
DA:237,0
DA:238,0
DA:244,0
DA:252,0
DA:253,0
DA:274,1
DA:275,0
DA:276,0
DA:277,0
DA:280,0
DA:282,0
DA:290,0
DA:291,0
DA:322,1
DA:333,0
DA:334,0
DA:335,0
DA:336,0
DA:342,0
DA:343,0
DA:345,0
DA:347,0
DA:354,0
DA:362,0
DA:366,0
DA:371,0
DA:372,0
DA:409,1
DA:416,0
DA:417,0
DA:418,0
DA:419,0
DA:425,0
DA:428,0
DA:433,0
DA:434,0
DA:441,0
DA:442,0
DA:444,0
DA:454,0
DA:456,0
DA:461,0
DA:462,0
DA:490,1
DA:493,0
DA:494,0
DA:496,0
DA:497,0
DA:504,0
DA:508,0
DA:509,0
DA:516,0
DA:517,0
DA:524,0
DA:533,0
DA:535,0
DA:536,0
DA:568,1
DA:579,0
DA:580,0
DA:581,0
DA:582,0
DA:588,0
DA:589,0
DA:591,0
DA:593,0
DA:595,0
DA:596,0
DA:602,0
DA:608,0
DA:612,0
DA:617,0
DA:618,0
LF:108
LH:9
BRDA:62,0,0,0
BRDA:62,0,1,0
BRDA:78,1,0,0
BRDA:78,1,1,0
BRDA:102,2,0,0
BRDA:102,2,1,0
BRDA:172,3,0,0
BRDA:172,3,1,0
BRDA:172,4,0,0
BRDA:172,4,1,0
BRDA:179,5,0,0
BRDA:179,5,1,0
BRDA:194,6,0,0
BRDA:194,6,1,0
BRDA:241,7,0,0
BRDA:241,7,1,0
BRDA:335,8,0,0
BRDA:335,8,1,0
BRDA:345,9,0,0
BRDA:345,9,1,0
BRDA:418,10,0,0
BRDA:418,10,1,0
BRDA:433,11,0,0
BRDA:433,11,1,0
BRDA:496,12,0,0
BRDA:496,12,1,0
BRDA:508,13,0,0
BRDA:508,13,1,0
BRDA:516,14,0,0
BRDA:516,14,1,0
BRDA:581,15,0,0
BRDA:581,15,1,0
BRDA:591,16,0,0
BRDA:591,16,1,0
BRDA:591,17,0,0
BRDA:591,17,1,0
BRDA:595,18,0,0
BRDA:595,18,1,0
BRF:38
BRH:0
end_of_record
TN:
SF:src\routes\project.routes.js
FN:25,(anonymous_0)
FN:72,(anonymous_1)
FN:143,(anonymous_2)
FN:245,(anonymous_3)
FN:345,(anonymous_4)
FN:425,(anonymous_5)
FN:433,(anonymous_6)
FN:501,(anonymous_7)
FN:590,(anonymous_8)
FNF:9
FNH:0
FNDA:0,(anonymous_0)
FNDA:0,(anonymous_1)
FNDA:0,(anonymous_2)
FNDA:0,(anonymous_3)
FNDA:0,(anonymous_4)
FNDA:0,(anonymous_5)
FNDA:0,(anonymous_6)
FNDA:0,(anonymous_7)
FNDA:0,(anonymous_8)
DA:6,1
DA:9,1
DA:25,1
DA:26,0
DA:27,0
DA:28,0
DA:33,0
DA:34,0
DA:66,1
DA:73,0
DA:74,0
DA:81,0
DA:82,0
DA:88,0
DA:93,0
DA:94,0
DA:135,1
DA:144,0
DA:145,0
DA:146,0
DA:147,0
DA:153,0
DA:156,0
DA:158,0
DA:160,0
DA:169,0
DA:175,0
DA:177,0
DA:182,0
DA:183,0
DA:186,0
DA:187,0
DA:235,1
DA:246,0
DA:247,0
DA:248,0
DA:249,0
DA:255,0
DA:256,0
DA:258,0
DA:263,0
DA:264,0
DA:270,0
DA:275,0
DA:276,0
DA:333,1
DA:346,0
DA:347,0
DA:348,0
DA:349,0
DA:355,0
DA:356,0
DA:359,0
DA:361,0
DA:363,0
DA:364,0
DA:371,0
DA:378,0
DA:380,0
DA:385,0
DA:386,0
DA:389,0
DA:390,0
DA:421,1
DA:426,0
DA:427,0
DA:431,0
DA:433,0
DA:443,0
DA:444,0
DA:493,1
DA:502,0
DA:503,0
DA:504,0
DA:505,0
DA:511,0
DA:512,0
DA:515,0
DA:520,0
DA:521,0
DA:528,0
DA:536,0
DA:541,0
DA:542,0
DA:583,1
DA:591,0
DA:592,0
DA:595,0
DA:596,0
DA:603,0
DA:607,0
DA:608,0
DA:615,0
DA:620,0
DA:621,0
DA:627,0
DA:632,0
DA:633,0
LF:98
LH:10
BRDA:81,0,0,0
BRDA:81,0,1,0
BRDA:146,1,0,0
BRDA:146,1,1,0
BRDA:153,2,0,0
BRDA:153,3,0,0
BRDA:248,4,0,0
BRDA:248,4,1,0
BRDA:263,5,0,0
BRDA:263,5,1,0
BRDA:348,6,0,0
BRDA:348,6,1,0
BRDA:363,7,0,0
BRDA:363,7,1,0
BRDA:374,8,0,0
BRDA:374,8,1,0
BRDA:504,9,0,0
BRDA:504,9,1,0
BRDA:520,10,0,0
BRDA:520,10,1,0
BRDA:595,11,0,0
BRDA:595,11,1,0
BRDA:607,12,0,0
BRDA:607,12,1,0
BRDA:607,13,0,0
BRDA:607,13,1,0
BRDA:620,14,0,0
BRDA:620,14,1,0
BRF:28
BRH:0
end_of_record
TN:
SF:src\routes\query.routes.js
FN:22,getDbConnection
FN:70,cleanupDbConnections
FN:132,(anonymous_2)
FN:157,(anonymous_3)
FN:238,(anonymous_4)
FN:377,(anonymous_5)
FN:405,(anonymous_6)
FN:542,(anonymous_7)
FN:561,(anonymous_8)
FNF:9
FNH:0
FNDA:0,getDbConnection
FNDA:0,cleanupDbConnections
FNDA:0,(anonymous_2)
FNDA:0,(anonymous_3)
FNDA:0,(anonymous_4)
FNDA:0,(anonymous_5)
FNDA:0,(anonymous_6)
FNDA:0,(anonymous_7)
FNDA:0,(anonymous_8)
DA:8,1
DA:11,1
DA:14,1
DA:23,0
DA:26,0
DA:27,0
DA:31,0
DA:35,0
DA:36,0
DA:40,0
DA:55,0
DA:56,0
DA:58,0
DA:59,0
DA:63,0
DA:64,0
DA:71,0
DA:72,0
DA:73,0
DA:74,0
DA:76,0
DA:82,1
DA:83,1
DA:123,1
DA:133,0
DA:134,0
DA:135,0
DA:136,0
DA:142,0
DA:145,0
DA:146,0
DA:147,0
DA:150,0
DA:156,0
DA:157,0
DA:163,0
DA:170,0
DA:175,0
DA:176,0
DA:228,1
DA:239,0
DA:242,0
DA:243,0
DA:244,0
DA:245,0
DA:251,0
DA:254,0
DA:257,0
DA:258,0
DA:261,0
DA:277,0
DA:282,0
DA:285,0
DA:291,0
DA:300,0
DA:303,0
DA:304,0
DA:318,0
DA:321,0
DA:369,1
DA:378,0
DA:379,0
DA:380,0
DA:381,0
DA:387,0
DA:390,0
DA:391,0
DA:404,0
DA:405,0
DA:406,0
DA:407,0
DA:409,0
DA:418,0
DA:427,0
DA:428,0
DA:429,0
DA:432,0
DA:446,0
DA:462,0
DA:467,0
DA:470,0
DA:471,0
DA:483,0
DA:486,0
DA:534,1
DA:543,0
DA:544,0
DA:545,0
DA:546,0
DA:548,0
DA:555,0
DA:559,0
DA:561,0
DA:580,0
DA:581,0
LF:95
LH:9
BRDA:26,0,0,0
BRDA:26,0,1,0
BRDA:35,1,0,0
BRDA:35,1,1,0
BRDA:45,2,0,0
BRDA:45,2,1,0
BRDA:135,3,0,0
BRDA:135,3,1,0
BRDA:146,4,0,0
BRDA:146,4,1,0
BRDA:146,5,0,0
BRDA:146,5,1,0
BRDA:178,6,0,0
BRDA:178,6,1,0
BRDA:244,7,0,0
BRDA:244,7,1,0
BRDA:251,8,0,0
BRDA:251,9,0,0
BRDA:267,10,0,0
BRDA:267,10,1,0
BRDA:269,11,0,0
BRDA:269,11,1,0
BRDA:269,11,2,0
BRDA:277,12,0,0
BRDA:277,12,1,0
BRDA:277,13,0,0
BRDA:277,13,1,0
BRDA:277,13,2,0
BRDA:277,13,3,0
BRDA:282,14,0,0
BRDA:282,14,1,0
BRDA:287,15,0,0
BRDA:287,15,1,0
BRDA:296,16,0,0
BRDA:296,16,1,0
BRDA:296,16,2,0
BRDA:310,17,0,0
BRDA:310,17,1,0
BRDA:314,18,0,0
BRDA:314,18,1,0
BRDA:323,19,0,0
BRDA:323,19,1,0
BRDA:380,20,0,0
BRDA:380,20,1,0
BRDA:406,21,0,0
BRDA:406,21,1,0
BRDA:428,22,0,0
BRDA:428,22,1,0
BRDA:435,23,0,0
BRDA:435,23,1,0
BRDA:436,24,0,0
BRDA:436,24,1,0
BRDA:439,25,0,0
BRDA:439,25,1,0
BRDA:439,25,2,0
BRDA:452,26,0,0
BRDA:452,26,1,0
BRDA:454,27,0,0
BRDA:454,27,1,0
BRDA:454,27,2,0
BRDA:488,28,0,0
BRDA:488,28,1,0
BRDA:489,29,0,0
BRDA:489,29,1,0
BRDA:545,30,0,0
BRDA:545,30,1,0
BRDA:546,31,0,0
BRDA:546,31,1,0
BRDA:566,32,0,0
BRDA:566,32,1,0
BRF:70
BRH:0
end_of_record
TN:
SF:src\services\AIService.js
FN:24,(anonymous_0)
FN:33,(anonymous_1)
FN:57,(anonymous_2)
FN:85,(anonymous_3)
FN:136,(anonymous_4)
FN:198,(anonymous_5)
FN:217,(anonymous_6)
FN:225,(anonymous_7)
FNF:8
FNH:1
FNDA:1,(anonymous_0)
FNDA:0,(anonymous_1)
FNDA:0,(anonymous_2)
FNDA:0,(anonymous_3)
FNDA:0,(anonymous_4)
FNDA:0,(anonymous_5)
FNDA:0,(anonymous_6)
FNDA:0,(anonymous_7)
DA:10,1
DA:11,1
DA:14,1
DA:25,1
DA:26,1
DA:28,1
DA:29,0
DA:35,0
DA:36,0
DA:37,0
DA:43,0
DA:47,0
DA:48,0
DA:58,0
DA:59,0
DA:61,0
DA:62,0
DA:65,0
DA:67,0
DA:70,0
DA:73,0
DA:75,0
DA:77,0
DA:78,0
DA:86,0
DA:88,0
DA:109,0
DA:110,0
DA:120,0
DA:126,0
DA:127,0
DA:129,0
DA:130,0
DA:137,0
DA:138,0
DA:141,0
DA:159,0
DA:160,0
DA:171,0
DA:181,0
DA:183,0
DA:190,0
DA:191,0
DA:203,0
DA:204,0
DA:206,0
DA:207,0
DA:211,0
DA:218,0
DA:219,0
DA:226,0
LF:51
LH:6
BRDA:28,0,0,0
BRDA:28,0,1,1
BRDA:36,1,0,0
BRDA:36,1,1,0
BRDA:39,2,0,0
BRDA:39,2,1,0
BRDA:48,3,0,0
BRDA:48,3,1,0
BRDA:57,4,0,0
BRDA:61,5,0,0
BRDA:61,5,1,0
BRDA:86,6,0,0
BRDA:94,7,0,0
BRDA:94,7,1,0
BRDA:95,8,0,0
BRDA:95,8,1,0
BRDA:109,9,0,0
BRDA:109,9,1,0
BRDA:109,10,0,0
BRDA:109,10,1,0
BRDA:122,11,0,0
BRDA:122,11,1,0
BRDA:138,12,0,0
BRDA:148,13,0,0
BRDA:148,13,1,0
BRDA:149,14,0,0
BRDA:149,14,1,0
BRDA:150,15,0,0
BRDA:150,15,1,0
BRDA:159,16,0,0
BRDA:159,16,1,0
BRDA:159,17,0,0
BRDA:159,17,1,0
BRDA:164,18,0,0
BRDA:164,18,1,0
BRDA:172,19,0,0
BRDA:172,19,1,0
BRDA:206,20,0,0
BRDA:206,20,1,0
BRDA:206,21,0,0
BRDA:206,21,1,0
BRDA:219,22,0,0
BRDA:219,22,1,0
BRDA:219,23,0,0
BRDA:219,23,1,0
BRF:45
BRH:1
end_of_record
TN:
SF:src\utils\email.js
FN:18,(anonymous_0)
FN:55,(anonymous_1)
FN:81,(anonymous_2)
FN:153,(anonymous_3)
FN:175,(anonymous_4)
FN:199,(anonymous_5)
FN:214,(anonymous_6)
FN:219,(anonymous_7)
FN:220,(anonymous_8)
FN:221,(anonymous_9)
FN:222,(anonymous_10)
FN:223,(anonymous_11)
FNF:12
FNH:1
FNDA:1,(anonymous_0)
FNDA:0,(anonymous_1)
FNDA:0,(anonymous_2)
FNDA:0,(anonymous_3)
FNDA:0,(anonymous_4)
FNDA:0,(anonymous_5)
FNDA:0,(anonymous_6)
FNDA:0,(anonymous_7)
FNDA:0,(anonymous_8)
FNDA:0,(anonymous_9)
FNDA:0,(anonymous_10)
FNDA:0,(anonymous_11)
DA:8,1
DA:9,1
DA:12,1
DA:15,1
DA:18,1
DA:19,1
DA:20,1
DA:22,1
DA:23,3
DA:24,3
DA:25,3
DA:26,3
DA:29,3
DA:33,1
DA:35,0
DA:40,1
DA:55,1
DA:56,0
DA:57,0
DA:59,0
DA:64,1
DA:81,1
DA:82,0
DA:94,0
DA:97,0
DA:98,0
DA:99,0
DA:100,0
DA:104,0
DA:112,0
DA:115,0
DA:126,0
DA:128,0
DA:130,0
DA:136,0
DA:138,0
DA:153,1
DA:154,0
DA:156,0
DA:175,1
DA:176,0
DA:178,0
DA:199,1
DA:200,0
DA:214,1
DA:215,0
DA:219,1
DA:220,1
DA:221,1
DA:222,1
DA:223,1
LF:51
LH:27
BRDA:23,0,0,3
BRDA:23,0,1,0
BRDA:42,1,0,1
BRDA:42,1,1,1
BRDA:56,2,0,0
BRDA:56,2,1,0
BRDA:64,3,0,1
BRDA:64,3,1,1
BRDA:64,4,0,1
BRDA:64,4,1,1
BRDA:89,5,0,0
BRDA:92,6,0,0
BRDA:98,7,0,0
BRDA:98,7,1,0
BRDA:99,8,0,0
BRDA:99,8,1,0
BRDA:107,9,0,0
BRDA:107,9,1,0
BRDA:108,10,0,0
BRDA:108,10,1,0
BRDA:109,11,0,0
BRDA:109,11,1,0
BRDA:154,12,0,0
BRDA:154,12,1,0
BRDA:176,13,0,0
BRDA:176,13,1,0
BRDA:199,14,0,0
BRDA:208,15,0,0
BRDA:208,15,1,0
BRDA:208,16,0,0
BRDA:208,16,1,0
BRF:31
BRH:7
end_of_record
TN:
SF:src\utils\logger.js
FN:35,(anonymous_0)
FN:40,(anonymous_1)
FN:84,(anonymous_2)
FN:90,(anonymous_3)
FNF:4
FNH:2
FNDA:1,(anonymous_0)
FNDA:1,(anonymous_1)
FNDA:0,(anonymous_2)
FNDA:0,(anonymous_3)
DA:6,1
DA:7,1
DA:10,1
DA:19,1
DA:28,1
DA:31,1
DA:35,1
DA:40,1
DA:41,1
DA:42,1
DA:43,1
DA:47,1
DA:75,1
DA:84,1
DA:85,0
DA:89,1
DA:91,0
LF:17
LH:15
BRDA:41,0,0,1
BRDA:41,0,1,0
BRDA:43,1,0,0
BRDA:43,1,1,1
BRF:4
BRH:2
end_of_record
